[ 2018-01-26T10:02:54+08:00 ] ::1 /erhuo/index.php/chat/good?id=10
INFO: [ app_init ] --START--
INFO: Run Behavior\BuildLiteBehavior [ RunTime:0.000187s ]
INFO: [ app_init ] --END-- [ RunTime:0.000695s ]
INFO: [ app_begin ] --START--
INFO: Run Behavior\ReadHtmlCacheBehavior [ RunTime:0.000348s ]
INFO: [ app_begin ] --END-- [ RunTime:0.000392s ]
SQL: SHOW COLUMNS FROM `good` [ RunTime:0.0089s ]
SQL: SHOW COLUMNS FROM `category` [ RunTime:0.0071s ]
SQL: SELECT * FROM `good` WHERE `good_id` = 10 LIMIT 1   [ RunTime:0.0073s ]
INFO: [ view_parse ] --START--
INFO: [ template_filter ] --START--
INFO: Run Behavior\ContentReplaceBehavior [ RunTime:0.000050s ]
INFO: [ template_filter ] --END-- [ RunTime:0.000093s ]
NOTIC: [8] Undefined index: sell_desc /Applications/MAMP/htdocs/erhuo/Application/Runtime/Cache/Chat/1dd9cc5a0382be1f724b203e17a4ae64.php 第 50 行.
INFO: Run Behavior\ParseTemplateBehavior [ RunTime:0.005797s ]
INFO: [ view_parse ] --END-- [ RunTime:0.005837s ]
INFO: [ view_filter ] --START--
INFO: Run Behavior\WriteHtmlCacheBehavior [ RunTime:0.000099s ]
INFO: [ view_filter ] --END-- [ RunTime:0.000136s ]
INFO: [ app_end ] --START--
INFO: Run Behavior\ShowPageTraceBehavior [ RunTime:0.000366s ]
INFO: [ app_end ] --END-- [ RunTime:0.000406s ]

[ 2018-01-26T10:03:53+08:00 ] ::1 /erhuo/index.php/chat/good?id=10
INFO: [ app_init ] --START--
INFO: Run Behavior\BuildLiteBehavior [ RunTime:0.000016s ]
INFO: [ app_init ] --END-- [ RunTime:0.000339s ]
INFO: [ app_begin ] --START--
INFO: Run Behavior\ReadHtmlCacheBehavior [ RunTime:0.000359s ]
INFO: [ app_begin ] --END-- [ RunTime:0.000405s ]
SQL: SHOW COLUMNS FROM `good` [ RunTime:0.0092s ]
SQL: SHOW COLUMNS FROM `category` [ RunTime:0.0071s ]
SQL: SELECT * FROM `good` WHERE `good_id` = 10 LIMIT 1   [ RunTime:0.0079s ]
INFO: [ view_parse ] --START--
INFO: [ template_filter ] --START--
INFO: Run Behavior\ContentReplaceBehavior [ RunTime:0.000053s ]
INFO: [ template_filter ] --END-- [ RunTime:0.000093s ]
NOTIC: [8] Undefined index: sell_desc /Applications/MAMP/htdocs/erhuo/Application/Runtime/Cache/Chat/1dd9cc5a0382be1f724b203e17a4ae64.php 第 151 行.
INFO: Run Behavior\ParseTemplateBehavior [ RunTime:0.008890s ]
INFO: [ view_parse ] --END-- [ RunTime:0.008929s ]
INFO: [ view_filter ] --START--
INFO: Run Behavior\WriteHtmlCacheBehavior [ RunTime:0.000095s ]
INFO: [ view_filter ] --END-- [ RunTime:0.000129s ]
INFO: [ app_end ] --START--
INFO: Run Behavior\ShowPageTraceBehavior [ RunTime:0.000341s ]
INFO: [ app_end ] --END-- [ RunTime:0.000377s ]

[ 2018-01-26T10:03:56+08:00 ] ::1 /erhuo/index.php/chat/good?id=10
INFO: [ app_init ] --START--
INFO: Run Behavior\BuildLiteBehavior [ RunTime:0.000010s ]
INFO: [ app_init ] --END-- [ RunTime:0.000244s ]
INFO: [ app_begin ] --START--
INFO: Run Behavior\ReadHtmlCacheBehavior [ RunTime:0.000316s ]
INFO: [ app_begin ] --END-- [ RunTime:0.000359s ]
SQL: SHOW COLUMNS FROM `good` [ RunTime:0.0051s ]
SQL: SHOW COLUMNS FROM `category` [ RunTime:0.0072s ]
SQL: SELECT * FROM `good` WHERE `good_id` = 10 LIMIT 1   [ RunTime:0.0077s ]
INFO: [ view_parse ] --START--
INFO: [ template_filter ] --START--
INFO: Run Behavior\ContentReplaceBehavior [ RunTime:0.000040s ]
INFO: [ template_filter ] --END-- [ RunTime:0.000077s ]
NOTIC: [8] Undefined index: sell_desc /Applications/MAMP/htdocs/erhuo/Application/Runtime/Cache/Chat/1dd9cc5a0382be1f724b203e17a4ae64.php 第 151 行.
INFO: Run Behavior\ParseTemplateBehavior [ RunTime:0.005829s ]
INFO: [ view_parse ] --END-- [ RunTime:0.005880s ]
INFO: [ view_filter ] --START--
INFO: Run Behavior\WriteHtmlCacheBehavior [ RunTime:0.000102s ]
INFO: [ view_filter ] --END-- [ RunTime:0.000148s ]
INFO: [ app_end ] --START--
INFO: Run Behavior\ShowPageTraceBehavior [ RunTime:0.000351s ]
INFO: [ app_end ] --END-- [ RunTime:0.000385s ]

[ 2018-01-26T10:04:27+08:00 ] ::1 /erhuo/index.php/chat/good?id=10
INFO: [ app_init ] --START--
INFO: Run Behavior\BuildLiteBehavior [ RunTime:0.000015s ]
INFO: [ app_init ] --END-- [ RunTime:0.000333s ]
INFO: [ app_begin ] --START--
INFO: Run Behavior\ReadHtmlCacheBehavior [ RunTime:0.000352s ]
INFO: [ app_begin ] --END-- [ RunTime:0.000398s ]
SQL: SHOW COLUMNS FROM `good` [ RunTime:0.0091s ]
SQL: SHOW COLUMNS FROM `category` [ RunTime:0.0071s ]
SQL: SELECT * FROM `good` WHERE `good_id` = 10 LIMIT 1   [ RunTime:0.0077s ]
INFO: [ view_parse ] --START--
INFO: [ template_filter ] --START--
INFO: Run Behavior\ContentReplaceBehavior [ RunTime:0.000052s ]
INFO: [ template_filter ] --END-- [ RunTime:0.000088s ]
NOTIC: [8] Undefined index: sell_desc /Applications/MAMP/htdocs/erhuo/Application/Runtime/Cache/Chat/1dd9cc5a0382be1f724b203e17a4ae64.php 第 151 行.
INFO: Run Behavior\ParseTemplateBehavior [ RunTime:0.006388s ]
INFO: [ view_parse ] --END-- [ RunTime:0.006427s ]
INFO: [ view_filter ] --START--
INFO: Run Behavior\WriteHtmlCacheBehavior [ RunTime:0.000094s ]
INFO: [ view_filter ] --END-- [ RunTime:0.000127s ]
INFO: [ app_end ] --START--
INFO: Run Behavior\ShowPageTraceBehavior [ RunTime:0.000385s ]
INFO: [ app_end ] --END-- [ RunTime:0.000421s ]

[ 2018-01-26T10:09:55+08:00 ] ::1 /erhuo/index.php/chat/good?id=10
INFO: [ app_init ] --START--
INFO: Run Behavior\BuildLiteBehavior [ RunTime:0.000016s ]
INFO: [ app_init ] --END-- [ RunTime:0.000330s ]
INFO: [ app_begin ] --START--
INFO: Run Behavior\ReadHtmlCacheBehavior [ RunTime:0.000376s ]
INFO: [ app_begin ] --END-- [ RunTime:0.000423s ]
SQL: SHOW COLUMNS FROM `good` [ RunTime:0.0089s ]
SQL: SHOW COLUMNS FROM `category` [ RunTime:0.0072s ]
SQL: SELECT * FROM `good` WHERE `good_id` = 10 LIMIT 1   [ RunTime:0.0076s ]
INFO: [ view_parse ] --START--
INFO: [ template_filter ] --START--
INFO: Run Behavior\ContentReplaceBehavior [ RunTime:0.000056s ]
INFO: [ template_filter ] --END-- [ RunTime:0.000109s ]
NOTIC: [8] Undefined index: sell_desc /Applications/MAMP/htdocs/erhuo/Application/Runtime/Cache/Chat/1dd9cc5a0382be1f724b203e17a4ae64.php 第 147 行.
INFO: Run Behavior\ParseTemplateBehavior [ RunTime:0.006831s ]
INFO: [ view_parse ] --END-- [ RunTime:0.006876s ]
INFO: [ view_filter ] --START--
INFO: Run Behavior\WriteHtmlCacheBehavior [ RunTime:0.000113s ]
INFO: [ view_filter ] --END-- [ RunTime:0.000150s ]
INFO: [ app_end ] --START--
INFO: Run Behavior\ShowPageTraceBehavior [ RunTime:0.000381s ]
INFO: [ app_end ] --END-- [ RunTime:0.000419s ]

[ 2018-01-26T10:10:02+08:00 ] ::1 /erhuo/index.php/chat/good?id=10
INFO: [ app_init ] --START--
INFO: Run Behavior\BuildLiteBehavior [ RunTime:0.000015s ]
INFO: [ app_init ] --END-- [ RunTime:0.000330s ]
INFO: [ app_begin ] --START--
INFO: Run Behavior\ReadHtmlCacheBehavior [ RunTime:0.000355s ]
INFO: [ app_begin ] --END-- [ RunTime:0.000403s ]
SQL: SHOW COLUMNS FROM `good` [ RunTime:0.0089s ]
SQL: SHOW COLUMNS FROM `category` [ RunTime:0.0073s ]
SQL: SELECT * FROM `good` WHERE `good_id` = 10 LIMIT 1   [ RunTime:0.0075s ]
INFO: [ view_parse ] --START--
INFO: [ template_filter ] --START--
INFO: Run Behavior\ContentReplaceBehavior [ RunTime:0.000056s ]
INFO: [ template_filter ] --END-- [ RunTime:0.000104s ]
NOTIC: [8] Undefined index: sell_desc /Applications/MAMP/htdocs/erhuo/Application/Runtime/Cache/Chat/1dd9cc5a0382be1f724b203e17a4ae64.php 第 147 行.
INFO: Run Behavior\ParseTemplateBehavior [ RunTime:0.006826s ]
INFO: [ view_parse ] --END-- [ RunTime:0.006868s ]
INFO: [ view_filter ] --START--
INFO: Run Behavior\WriteHtmlCacheBehavior [ RunTime:0.000104s ]
INFO: [ view_filter ] --END-- [ RunTime:0.000141s ]
INFO: [ app_end ] --START--
INFO: Run Behavior\ShowPageTraceBehavior [ RunTime:0.000418s ]
INFO: [ app_end ] --END-- [ RunTime:0.000473s ]

[ 2018-01-26T10:10:10+08:00 ] ::1 /erhuo/index.php/chat/good?id=10
INFO: [ app_init ] --START--
INFO: Run Behavior\BuildLiteBehavior [ RunTime:0.000011s ]
INFO: [ app_init ] --END-- [ RunTime:0.000259s ]
INFO: [ app_begin ] --START--
INFO: Run Behavior\ReadHtmlCacheBehavior [ RunTime:0.000324s ]
INFO: [ app_begin ] --END-- [ RunTime:0.000363s ]
SQL: SHOW COLUMNS FROM `good` [ RunTime:0.0089s ]
SQL: SHOW COLUMNS FROM `category` [ RunTime:0.0070s ]
SQL: SELECT * FROM `good` WHERE `good_id` = 10 LIMIT 1   [ RunTime:0.0080s ]
INFO: [ view_parse ] --START--
INFO: [ template_filter ] --START--
INFO: Run Behavior\ContentReplaceBehavior [ RunTime:0.000041s ]
INFO: [ template_filter ] --END-- [ RunTime:0.000081s ]
NOTIC: [8] Undefined index: sell_desc /Applications/MAMP/htdocs/erhuo/Application/Runtime/Cache/Chat/1dd9cc5a0382be1f724b203e17a4ae64.php 第 147 行.
INFO: Run Behavior\ParseTemplateBehavior [ RunTime:0.005997s ]
INFO: [ view_parse ] --END-- [ RunTime:0.006040s ]
INFO: [ view_filter ] --START--
INFO: Run Behavior\WriteHtmlCacheBehavior [ RunTime:0.000096s ]
INFO: [ view_filter ] --END-- [ RunTime:0.000130s ]
INFO: [ app_end ] --START--
INFO: Run Behavior\ShowPageTraceBehavior [ RunTime:0.000409s ]
INFO: [ app_end ] --END-- [ RunTime:0.000452s ]

[ 2018-01-26T10:10:38+08:00 ] ::1 /erhuo/index.php/chat/good?id=10
INFO: [ app_init ] --START--
INFO: Run Behavior\BuildLiteBehavior [ RunTime:0.000012s ]
INFO: [ app_init ] --END-- [ RunTime:0.000254s ]
INFO: [ app_begin ] --START--
INFO: Run Behavior\ReadHtmlCacheBehavior [ RunTime:0.000323s ]
INFO: [ app_begin ] --END-- [ RunTime:0.000363s ]
SQL: SHOW COLUMNS FROM `good` [ RunTime:0.0049s ]
SQL: SHOW COLUMNS FROM `category` [ RunTime:0.0074s ]
SQL: SELECT * FROM `good` WHERE `good_id` = 10 LIMIT 1   [ RunTime:0.0077s ]
INFO: [ view_parse ] --START--
INFO: [ template_filter ] --START--
INFO: Run Behavior\ContentReplaceBehavior [ RunTime:0.000040s ]
INFO: [ template_filter ] --END-- [ RunTime:0.000077s ]
NOTIC: [8] Undefined index: sell_desc /Applications/MAMP/htdocs/erhuo/Application/Runtime/Cache/Chat/1dd9cc5a0382be1f724b203e17a4ae64.php 第 147 行.
INFO: Run Behavior\ParseTemplateBehavior [ RunTime:0.005803s ]
INFO: [ view_parse ] --END-- [ RunTime:0.005840s ]
INFO: [ view_filter ] --START--
INFO: Run Behavior\WriteHtmlCacheBehavior [ RunTime:0.000096s ]
INFO: [ view_filter ] --END-- [ RunTime:0.000129s ]
INFO: [ app_end ] --START--
INFO: Run Behavior\ShowPageTraceBehavior [ RunTime:0.000344s ]
INFO: [ app_end ] --END-- [ RunTime:0.000382s ]

[ 2018-01-26T10:10:56+08:00 ] ::1 /erhuo/index.php/chat/good?id=10
INFO: [ app_init ] --START--
INFO: Run Behavior\BuildLiteBehavior [ RunTime:0.000015s ]
INFO: [ app_init ] --END-- [ RunTime:0.000368s ]
INFO: [ app_begin ] --START--
INFO: Run Behavior\ReadHtmlCacheBehavior [ RunTime:0.000378s ]
INFO: [ app_begin ] --END-- [ RunTime:0.000424s ]
SQL: SHOW COLUMNS FROM `good` [ RunTime:0.0087s ]
SQL: SHOW COLUMNS FROM `category` [ RunTime:0.0074s ]
SQL: SELECT * FROM `good` WHERE `good_id` = 10 LIMIT 1   [ RunTime:0.0081s ]
INFO: [ view_parse ] --START--
INFO: [ template_filter ] --START--
INFO: Run Behavior\ContentReplaceBehavior [ RunTime:0.000050s ]
INFO: [ template_filter ] --END-- [ RunTime:0.000092s ]
NOTIC: [8] Undefined index: sell_desc /Applications/MAMP/htdocs/erhuo/Application/Runtime/Cache/Chat/1dd9cc5a0382be1f724b203e17a4ae64.php 第 147 行.
INFO: Run Behavior\ParseTemplateBehavior [ RunTime:0.006645s ]
INFO: [ view_parse ] --END-- [ RunTime:0.006685s ]
INFO: [ view_filter ] --START--
INFO: Run Behavior\WriteHtmlCacheBehavior [ RunTime:0.000094s ]
INFO: [ view_filter ] --END-- [ RunTime:0.000129s ]
INFO: [ app_end ] --START--
INFO: Run Behavior\ShowPageTraceBehavior [ RunTime:0.000377s ]
INFO: [ app_end ] --END-- [ RunTime:0.000413s ]

[ 2018-01-26T10:10:58+08:00 ] ::1 /erhuo/index.php/chat/good?id=10
INFO: [ app_init ] --START--
INFO: Run Behavior\BuildLiteBehavior [ RunTime:0.000012s ]
INFO: [ app_init ] --END-- [ RunTime:0.000249s ]
INFO: [ app_begin ] --START--
INFO: Run Behavior\ReadHtmlCacheBehavior [ RunTime:0.000322s ]
INFO: [ app_begin ] --END-- [ RunTime:0.000362s ]
SQL: SHOW COLUMNS FROM `good` [ RunTime:0.0050s ]
SQL: SHOW COLUMNS FROM `category` [ RunTime:0.0083s ]
SQL: SELECT * FROM `good` WHERE `good_id` = 10 LIMIT 1   [ RunTime:0.0077s ]
INFO: [ view_parse ] --START--
INFO: [ template_filter ] --START--
INFO: Run Behavior\ContentReplaceBehavior [ RunTime:0.000038s ]
INFO: [ template_filter ] --END-- [ RunTime:0.000075s ]
NOTIC: [8] Undefined index: sell_desc /Applications/MAMP/htdocs/erhuo/Application/Runtime/Cache/Chat/1dd9cc5a0382be1f724b203e17a4ae64.php 第 147 行.
INFO: Run Behavior\ParseTemplateBehavior [ RunTime:0.005571s ]
INFO: [ view_parse ] --END-- [ RunTime:0.005606s ]
INFO: [ view_filter ] --START--
INFO: Run Behavior\WriteHtmlCacheBehavior [ RunTime:0.000089s ]
INFO: [ view_filter ] --END-- [ RunTime:0.000121s ]
INFO: [ app_end ] --START--
INFO: Run Behavior\ShowPageTraceBehavior [ RunTime:0.000352s ]
INFO: [ app_end ] --END-- [ RunTime:0.000386s ]

[ 2018-01-26T10:11:49+08:00 ] ::1 /erhuo/index.php/chat/good?id=10
INFO: [ app_init ] --START--
INFO: Run Behavior\BuildLiteBehavior [ RunTime:0.000011s ]
INFO: [ app_init ] --END-- [ RunTime:0.000244s ]
INFO: [ app_begin ] --START--
INFO: Run Behavior\ReadHtmlCacheBehavior [ RunTime:0.000319s ]
INFO: [ app_begin ] --END-- [ RunTime:0.000358s ]
SQL: SHOW COLUMNS FROM `good` [ RunTime:0.0060s ]
SQL: SHOW COLUMNS FROM `category` [ RunTime:0.0075s ]
SQL: SELECT * FROM `good` WHERE `good_id` = 10 LIMIT 1   [ RunTime:0.0058s ]
INFO: [ view_parse ] --START--
INFO: [ template_filter ] --START--
INFO: Run Behavior\ContentReplaceBehavior [ RunTime:0.000042s ]
INFO: [ template_filter ] --END-- [ RunTime:0.000081s ]
NOTIC: [8] Undefined index: sell_desc /Applications/MAMP/htdocs/erhuo/Application/Runtime/Cache/Chat/1dd9cc5a0382be1f724b203e17a4ae64.php 第 145 行.
INFO: Run Behavior\ParseTemplateBehavior [ RunTime:0.006132s ]
INFO: [ view_parse ] --END-- [ RunTime:0.006168s ]
INFO: [ view_filter ] --START--
INFO: Run Behavior\WriteHtmlCacheBehavior [ RunTime:0.000090s ]
INFO: [ view_filter ] --END-- [ RunTime:0.000122s ]
INFO: [ app_end ] --START--
INFO: Run Behavior\ShowPageTraceBehavior [ RunTime:0.000451s ]
INFO: [ app_end ] --END-- [ RunTime:0.000490s ]

[ 2018-01-26T10:12:22+08:00 ] ::1 /erhuo/index.php/chat/good?id=10
INFO: [ app_init ] --START--
INFO: Run Behavior\BuildLiteBehavior [ RunTime:0.000009s ]
INFO: [ app_init ] --END-- [ RunTime:0.000233s ]
INFO: [ app_begin ] --START--
INFO: Run Behavior\ReadHtmlCacheBehavior [ RunTime:0.000326s ]
INFO: [ app_begin ] --END-- [ RunTime:0.000366s ]
SQL: SHOW COLUMNS FROM `good` [ RunTime:0.0055s ]
SQL: SHOW COLUMNS FROM `category` [ RunTime:0.0071s ]
SQL: SELECT * FROM `good` WHERE `good_id` = 10 LIMIT 1   [ RunTime:0.0078s ]
INFO: [ view_parse ] --START--
INFO: [ template_filter ] --START--
INFO: Run Behavior\ContentReplaceBehavior [ RunTime:0.000039s ]
INFO: [ template_filter ] --END-- [ RunTime:0.000075s ]
NOTIC: [8] Undefined index: sell_desc /Applications/MAMP/htdocs/erhuo/Application/Runtime/Cache/Chat/1dd9cc5a0382be1f724b203e17a4ae64.php 第 145 行.
INFO: Run Behavior\ParseTemplateBehavior [ RunTime:0.006376s ]
INFO: [ view_parse ] --END-- [ RunTime:0.006413s ]
INFO: [ view_filter ] --START--
INFO: Run Behavior\WriteHtmlCacheBehavior [ RunTime:0.000093s ]
INFO: [ view_filter ] --END-- [ RunTime:0.000124s ]
INFO: [ app_end ] --START--
INFO: Run Behavior\ShowPageTraceBehavior [ RunTime:0.000363s ]
INFO: [ app_end ] --END-- [ RunTime:0.000396s ]

[ 2018-01-26T10:12:45+08:00 ] ::1 /erhuo/index.php/chat/good?id=10
INFO: [ app_init ] --START--
INFO: Run Behavior\BuildLiteBehavior [ RunTime:0.000012s ]
INFO: [ app_init ] --END-- [ RunTime:0.000279s ]
INFO: [ app_begin ] --START--
INFO: Run Behavior\ReadHtmlCacheBehavior [ RunTime:0.000378s ]
INFO: [ app_begin ] --END-- [ RunTime:0.000421s ]
SQL: SHOW COLUMNS FROM `good` [ RunTime:0.0101s ]
SQL: SHOW COLUMNS FROM `category` [ RunTime:0.0077s ]
SQL: SELECT * FROM `good` WHERE `good_id` = 10 LIMIT 1   [ RunTime:0.0079s ]
INFO: [ view_parse ] --START--
INFO: [ template_filter ] --START--
INFO: Run Behavior\ContentReplaceBehavior [ RunTime:0.000042s ]
INFO: [ template_filter ] --END-- [ RunTime:0.000081s ]
NOTIC: [8] Undefined index: sell_desc /Applications/MAMP/htdocs/erhuo/Application/Runtime/Cache/Chat/1dd9cc5a0382be1f724b203e17a4ae64.php 第 146 行.
INFO: Run Behavior\ParseTemplateBehavior [ RunTime:0.006250s ]
INFO: [ view_parse ] --END-- [ RunTime:0.006300s ]
INFO: [ view_filter ] --START--
INFO: Run Behavior\WriteHtmlCacheBehavior [ RunTime:0.000091s ]
INFO: [ view_filter ] --END-- [ RunTime:0.000123s ]
INFO: [ app_end ] --START--
INFO: Run Behavior\ShowPageTraceBehavior [ RunTime:0.000368s ]
INFO: [ app_end ] --END-- [ RunTime:0.000402s ]

[ 2018-01-26T10:12:48+08:00 ] ::1 /erhuo/index.php/chat/good?id=10
INFO: [ app_init ] --START--
INFO: Run Behavior\BuildLiteBehavior [ RunTime:0.000010s ]
INFO: [ app_init ] --END-- [ RunTime:0.000237s ]
INFO: [ app_begin ] --START--
INFO: Run Behavior\ReadHtmlCacheBehavior [ RunTime:0.000321s ]
INFO: [ app_begin ] --END-- [ RunTime:0.000361s ]
SQL: SHOW COLUMNS FROM `good` [ RunTime:0.0086s ]
SQL: SHOW COLUMNS FROM `category` [ RunTime:0.0074s ]
SQL: SELECT * FROM `good` WHERE `good_id` = 10 LIMIT 1   [ RunTime:0.0082s ]
INFO: [ view_parse ] --START--
INFO: [ template_filter ] --START--
INFO: Run Behavior\ContentReplaceBehavior [ RunTime:0.000043s ]
INFO: [ template_filter ] --END-- [ RunTime:0.000082s ]
NOTIC: [8] Undefined index: sell_desc /Applications/MAMP/htdocs/erhuo/Application/Runtime/Cache/Chat/1dd9cc5a0382be1f724b203e17a4ae64.php 第 146 行.
INFO: Run Behavior\ParseTemplateBehavior [ RunTime:0.006156s ]
INFO: [ view_parse ] --END-- [ RunTime:0.006194s ]
INFO: [ view_filter ] --START--
INFO: Run Behavior\WriteHtmlCacheBehavior [ RunTime:0.000130s ]
INFO: [ view_filter ] --END-- [ RunTime:0.000166s ]
INFO: [ app_end ] --START--
INFO: Run Behavior\ShowPageTraceBehavior [ RunTime:0.000368s ]
INFO: [ app_end ] --END-- [ RunTime:0.000412s ]

[ 2018-01-26T10:13:29+08:00 ] ::1 /erhuo/index.php/chat/good?id=10
INFO: [ app_init ] --START--
INFO: Run Behavior\BuildLiteBehavior [ RunTime:0.000012s ]
INFO: [ app_init ] --END-- [ RunTime:0.000252s ]
INFO: [ app_begin ] --START--
INFO: Run Behavior\ReadHtmlCacheBehavior [ RunTime:0.000324s ]
INFO: [ app_begin ] --END-- [ RunTime:0.000364s ]
SQL: SHOW COLUMNS FROM `good` [ RunTime:0.0050s ]
SQL: SHOW COLUMNS FROM `category` [ RunTime:0.0074s ]
SQL: SELECT * FROM `good` WHERE `good_id` = 10 LIMIT 1   [ RunTime:0.0080s ]
INFO: [ view_parse ] --START--
INFO: [ template_filter ] --START--
INFO: Run Behavior\ContentReplaceBehavior [ RunTime:0.000041s ]
INFO: [ template_filter ] --END-- [ RunTime:0.000078s ]
NOTIC: [8] Undefined index: sell_desc /Applications/MAMP/htdocs/erhuo/Application/Runtime/Cache/Chat/1dd9cc5a0382be1f724b203e17a4ae64.php 第 146 行.
INFO: Run Behavior\ParseTemplateBehavior [ RunTime:0.005826s ]
INFO: [ view_parse ] --END-- [ RunTime:0.005863s ]
INFO: [ view_filter ] --START--
INFO: Run Behavior\WriteHtmlCacheBehavior [ RunTime:0.000091s ]
INFO: [ view_filter ] --END-- [ RunTime:0.000123s ]
INFO: [ app_end ] --START--
INFO: Run Behavior\ShowPageTraceBehavior [ RunTime:0.000434s ]
INFO: [ app_end ] --END-- [ RunTime:0.000482s ]

[ 2018-01-26T10:13:46+08:00 ] ::1 /erhuo/index.php/chat/good?id=10
INFO: [ app_init ] --START--
INFO: Run Behavior\BuildLiteBehavior [ RunTime:0.000011s ]
INFO: [ app_init ] --END-- [ RunTime:0.000250s ]
INFO: [ app_begin ] --START--
INFO: Run Behavior\ReadHtmlCacheBehavior [ RunTime:0.000327s ]
INFO: [ app_begin ] --END-- [ RunTime:0.000367s ]
SQL: SHOW COLUMNS FROM `good` [ RunTime:0.0051s ]
SQL: SHOW COLUMNS FROM `category` [ RunTime:0.0076s ]
SQL: SELECT * FROM `good` WHERE `good_id` = 10 LIMIT 1   [ RunTime:0.0034s ]
INFO: [ view_parse ] --START--
INFO: [ template_filter ] --START--
INFO: Run Behavior\ContentReplaceBehavior [ RunTime:0.000050s ]
INFO: [ template_filter ] --END-- [ RunTime:0.000096s ]
NOTIC: [8] Undefined index: sell_desc /Applications/MAMP/htdocs/erhuo/Application/Runtime/Cache/Chat/1dd9cc5a0382be1f724b203e17a4ae64.php 第 146 行.
INFO: Run Behavior\ParseTemplateBehavior [ RunTime:0.006520s ]
INFO: [ view_parse ] --END-- [ RunTime:0.006561s ]
INFO: [ view_filter ] --START--
INFO: Run Behavior\WriteHtmlCacheBehavior [ RunTime:0.000100s ]
INFO: [ view_filter ] --END-- [ RunTime:0.000134s ]
INFO: [ app_end ] --START--
INFO: Run Behavior\ShowPageTraceBehavior [ RunTime:0.000348s ]
INFO: [ app_end ] --END-- [ RunTime:0.000383s ]

[ 2018-01-26T10:13:49+08:00 ] ::1 /erhuo/index.php/chat/good?id=10
INFO: [ app_init ] --START--
INFO: Run Behavior\BuildLiteBehavior [ RunTime:0.000014s ]
INFO: [ app_init ] --END-- [ RunTime:0.000324s ]
INFO: [ app_begin ] --START--
INFO: Run Behavior\ReadHtmlCacheBehavior [ RunTime:0.000344s ]
INFO: [ app_begin ] --END-- [ RunTime:0.000389s ]
SQL: SHOW COLUMNS FROM `good` [ RunTime:0.0055s ]
SQL: SHOW COLUMNS FROM `category` [ RunTime:0.0076s ]
SQL: SELECT * FROM `good` WHERE `good_id` = 10 LIMIT 1   [ RunTime:0.0072s ]
INFO: [ view_parse ] --START--
INFO: [ template_filter ] --START--
INFO: Run Behavior\ContentReplaceBehavior [ RunTime:0.000052s ]
INFO: [ template_filter ] --END-- [ RunTime:0.000089s ]
NOTIC: [8] Undefined index: sell_desc /Applications/MAMP/htdocs/erhuo/Application/Runtime/Cache/Chat/1dd9cc5a0382be1f724b203e17a4ae64.php 第 146 行.
INFO: Run Behavior\ParseTemplateBehavior [ RunTime:0.006549s ]
INFO: [ view_parse ] --END-- [ RunTime:0.006589s ]
INFO: [ view_filter ] --START--
INFO: Run Behavior\WriteHtmlCacheBehavior [ RunTime:0.000095s ]
INFO: [ view_filter ] --END-- [ RunTime:0.000142s ]
INFO: [ app_end ] --START--
INFO: Run Behavior\ShowPageTraceBehavior [ RunTime:0.000361s ]
INFO: [ app_end ] --END-- [ RunTime:0.000410s ]

[ 2018-01-26T10:14:13+08:00 ] ::1 /erhuo/index.php/chat/good?id=10
INFO: [ app_init ] --START--
INFO: Run Behavior\BuildLiteBehavior [ RunTime:0.000012s ]
INFO: [ app_init ] --END-- [ RunTime:0.000299s ]
INFO: [ app_begin ] --START--
INFO: Run Behavior\ReadHtmlCacheBehavior [ RunTime:0.000338s ]
INFO: [ app_begin ] --END-- [ RunTime:0.000379s ]
SQL: SHOW COLUMNS FROM `good` [ RunTime:0.0095s ]
SQL: SHOW COLUMNS FROM `category` [ RunTime:0.0072s ]
SQL: SELECT * FROM `good` WHERE `good_id` = 10 LIMIT 1   [ RunTime:0.0079s ]
INFO: [ view_parse ] --START--
INFO: [ template_filter ] --START--
INFO: Run Behavior\ContentReplaceBehavior [ RunTime:0.000046s ]
INFO: [ template_filter ] --END-- [ RunTime:0.000093s ]
NOTIC: [8] Undefined index: sell_desc /Applications/MAMP/htdocs/erhuo/Application/Runtime/Cache/Chat/1dd9cc5a0382be1f724b203e17a4ae64.php 第 145 行.
INFO: Run Behavior\ParseTemplateBehavior [ RunTime:0.006680s ]
INFO: [ view_parse ] --END-- [ RunTime:0.006718s ]
INFO: [ view_filter ] --START--
INFO: Run Behavior\WriteHtmlCacheBehavior [ RunTime:0.000099s ]
INFO: [ view_filter ] --END-- [ RunTime:0.000132s ]
INFO: [ app_end ] --START--
INFO: Run Behavior\ShowPageTraceBehavior [ RunTime:0.000344s ]
INFO: [ app_end ] --END-- [ RunTime:0.000380s ]

[ 2018-01-26T10:14:43+08:00 ] ::1 /erhuo/index.php/chat/good?id=10
INFO: [ app_init ] --START--
INFO: Run Behavior\BuildLiteBehavior [ RunTime:0.000011s ]
INFO: [ app_init ] --END-- [ RunTime:0.000246s ]
INFO: [ app_begin ] --START--
INFO: Run Behavior\ReadHtmlCacheBehavior [ RunTime:0.000379s ]
INFO: [ app_begin ] --END-- [ RunTime:0.000487s ]
SQL: SHOW COLUMNS FROM `good` [ RunTime:0.0092s ]
SQL: SHOW COLUMNS FROM `category` [ RunTime:0.0077s ]
SQL: SELECT * FROM `good` WHERE `good_id` = 10 LIMIT 1   [ RunTime:0.0079s ]
INFO: [ view_parse ] --START--
INFO: [ template_filter ] --START--
INFO: Run Behavior\ContentReplaceBehavior [ RunTime:0.000043s ]
INFO: [ template_filter ] --END-- [ RunTime:0.000084s ]
NOTIC: [8] Undefined index: sell_desc /Applications/MAMP/htdocs/erhuo/Application/Runtime/Cache/Chat/1dd9cc5a0382be1f724b203e17a4ae64.php 第 145 行.
INFO: Run Behavior\ParseTemplateBehavior [ RunTime:0.006315s ]
INFO: [ view_parse ] --END-- [ RunTime:0.006353s ]
INFO: [ view_filter ] --START--
INFO: Run Behavior\WriteHtmlCacheBehavior [ RunTime:0.000093s ]
INFO: [ view_filter ] --END-- [ RunTime:0.000126s ]
INFO: [ app_end ] --START--
INFO: Run Behavior\ShowPageTraceBehavior [ RunTime:0.000339s ]
INFO: [ app_end ] --END-- [ RunTime:0.000374s ]

[ 2018-01-26T10:14:50+08:00 ] ::1 /erhuo/index.php/chat/good?id=10
INFO: [ app_init ] --START--
INFO: Run Behavior\BuildLiteBehavior [ RunTime:0.000009s ]
INFO: [ app_init ] --END-- [ RunTime:0.000235s ]
INFO: [ app_begin ] --START--
INFO: Run Behavior\ReadHtmlCacheBehavior [ RunTime:0.000310s ]
INFO: [ app_begin ] --END-- [ RunTime:0.000350s ]
SQL: SHOW COLUMNS FROM `good` [ RunTime:0.0094s ]
SQL: SHOW COLUMNS FROM `category` [ RunTime:0.0087s ]
SQL: SELECT * FROM `good` WHERE `good_id` = 10 LIMIT 1   [ RunTime:0.0076s ]
INFO: [ view_parse ] --START--
INFO: [ template_filter ] --START--
INFO: Run Behavior\ContentReplaceBehavior [ RunTime:0.000045s ]
INFO: [ template_filter ] --END-- [ RunTime:0.000084s ]
NOTIC: [8] Undefined index: sell_desc /Applications/MAMP/htdocs/erhuo/Application/Runtime/Cache/Chat/1dd9cc5a0382be1f724b203e17a4ae64.php 第 145 行.
INFO: Run Behavior\ParseTemplateBehavior [ RunTime:0.006016s ]
INFO: [ view_parse ] --END-- [ RunTime:0.006054s ]
INFO: [ view_filter ] --START--
INFO: Run Behavior\WriteHtmlCacheBehavior [ RunTime:0.000095s ]
INFO: [ view_filter ] --END-- [ RunTime:0.000132s ]
INFO: [ app_end ] --START--
INFO: Run Behavior\ShowPageTraceBehavior [ RunTime:0.000352s ]
INFO: [ app_end ] --END-- [ RunTime:0.000393s ]

[ 2018-01-26T10:15:55+08:00 ] ::1 /erhuo/index.php/chat/good?id=10
INFO: [ app_init ] --START--
INFO: Run Behavior\BuildLiteBehavior [ RunTime:0.000012s ]
INFO: [ app_init ] --END-- [ RunTime:0.000253s ]
INFO: [ app_begin ] --START--
INFO: Run Behavior\ReadHtmlCacheBehavior [ RunTime:0.000373s ]
INFO: [ app_begin ] --END-- [ RunTime:0.000416s ]
SQL: SHOW COLUMNS FROM `good` [ RunTime:0.0054s ]
SQL: SHOW COLUMNS FROM `category` [ RunTime:0.0071s ]
SQL: SELECT * FROM `good` WHERE `good_id` = 10 LIMIT 1   [ RunTime:0.0078s ]
INFO: [ view_parse ] --START--
INFO: [ template_filter ] --START--
INFO: Run Behavior\ContentReplaceBehavior [ RunTime:0.000041s ]
INFO: [ template_filter ] --END-- [ RunTime:0.000081s ]
NOTIC: [8] Undefined index: sell_desc /Applications/MAMP/htdocs/erhuo/Application/Runtime/Cache/Chat/1dd9cc5a0382be1f724b203e17a4ae64.php 第 145 行.
INFO: Run Behavior\ParseTemplateBehavior [ RunTime:0.005987s ]
INFO: [ view_parse ] --END-- [ RunTime:0.006023s ]
INFO: [ view_filter ] --START--
INFO: Run Behavior\WriteHtmlCacheBehavior [ RunTime:0.000094s ]
INFO: [ view_filter ] --END-- [ RunTime:0.000126s ]
INFO: [ app_end ] --START--
INFO: Run Behavior\ShowPageTraceBehavior [ RunTime:0.000378s ]
INFO: [ app_end ] --END-- [ RunTime:0.000411s ]

[ 2018-01-26T10:16:04+08:00 ] ::1 /erhuo/index.php/chat/good?id=10
INFO: [ app_init ] --START--
INFO: Run Behavior\BuildLiteBehavior [ RunTime:0.000012s ]
INFO: [ app_init ] --END-- [ RunTime:0.000260s ]
INFO: [ app_begin ] --START--
INFO: Run Behavior\ReadHtmlCacheBehavior [ RunTime:0.000328s ]
INFO: [ app_begin ] --END-- [ RunTime:0.000370s ]
SQL: SHOW COLUMNS FROM `good` [ RunTime:0.0079s ]
SQL: SHOW COLUMNS FROM `category` [ RunTime:0.0071s ]
SQL: SELECT * FROM `good` WHERE `good_id` = 10 LIMIT 1   [ RunTime:0.0045s ]
INFO: [ view_parse ] --START--
INFO: [ template_filter ] --START--
INFO: Run Behavior\ContentReplaceBehavior [ RunTime:0.000047s ]
INFO: [ template_filter ] --END-- [ RunTime:0.000095s ]
NOTIC: [8] Undefined index: sell_desc /Applications/MAMP/htdocs/erhuo/Application/Runtime/Cache/Chat/1dd9cc5a0382be1f724b203e17a4ae64.php 第 145 行.
INFO: Run Behavior\ParseTemplateBehavior [ RunTime:0.006747s ]
INFO: [ view_parse ] --END-- [ RunTime:0.006788s ]
INFO: [ view_filter ] --START--
INFO: Run Behavior\WriteHtmlCacheBehavior [ RunTime:0.000106s ]
INFO: [ view_filter ] --END-- [ RunTime:0.000140s ]
INFO: [ app_end ] --START--
INFO: Run Behavior\ShowPageTraceBehavior [ RunTime:0.000350s ]
INFO: [ app_end ] --END-- [ RunTime:0.000386s ]

[ 2018-01-26T10:16:57+08:00 ] ::1 /erhuo/index.php/chat/good?id=10
INFO: [ app_init ] --START--
INFO: Run Behavior\BuildLiteBehavior [ RunTime:0.000010s ]
INFO: [ app_init ] --END-- [ RunTime:0.000242s ]
INFO: [ app_begin ] --START--
INFO: Run Behavior\ReadHtmlCacheBehavior [ RunTime:0.000320s ]
INFO: [ app_begin ] --END-- [ RunTime:0.000360s ]
SQL: SHOW COLUMNS FROM `good` [ RunTime:0.0053s ]
SQL: SHOW COLUMNS FROM `category` [ RunTime:0.0077s ]
SQL: SELECT * FROM `good` WHERE `good_id` = 10 LIMIT 1   [ RunTime:0.0051s ]
INFO: [ view_parse ] --START--
INFO: [ template_filter ] --START--
INFO: Run Behavior\ContentReplaceBehavior [ RunTime:0.000055s ]
INFO: [ template_filter ] --END-- [ RunTime:0.000093s ]
NOTIC: [8] Undefined index: sell_desc /Applications/MAMP/htdocs/erhuo/Application/Runtime/Cache/Chat/1dd9cc5a0382be1f724b203e17a4ae64.php 第 145 行.
INFO: Run Behavior\ParseTemplateBehavior [ RunTime:0.005924s ]
INFO: [ view_parse ] --END-- [ RunTime:0.005961s ]
INFO: [ view_filter ] --START--
INFO: Run Behavior\WriteHtmlCacheBehavior [ RunTime:0.000092s ]
INFO: [ view_filter ] --END-- [ RunTime:0.000124s ]
INFO: [ app_end ] --START--
INFO: Run Behavior\ShowPageTraceBehavior [ RunTime:0.000355s ]
INFO: [ app_end ] --END-- [ RunTime:0.000387s ]

[ 2018-01-26T10:17:16+08:00 ] ::1 /erhuo/index.php/chat/good?id=10
INFO: [ app_init ] --START--
INFO: Run Behavior\BuildLiteBehavior [ RunTime:0.000010s ]
INFO: [ app_init ] --END-- [ RunTime:0.000241s ]
INFO: [ app_begin ] --START--
INFO: Run Behavior\ReadHtmlCacheBehavior [ RunTime:0.000313s ]
INFO: [ app_begin ] --END-- [ RunTime:0.000353s ]
SQL: SHOW COLUMNS FROM `good` [ RunTime:0.0090s ]
SQL: SHOW COLUMNS FROM `category` [ RunTime:0.0076s ]
SQL: SELECT * FROM `good` WHERE `good_id` = 10 LIMIT 1   [ RunTime:0.0076s ]
INFO: [ view_parse ] --START--
INFO: [ template_filter ] --START--
INFO: Run Behavior\ContentReplaceBehavior [ RunTime:0.000048s ]
INFO: [ template_filter ] --END-- [ RunTime:0.000099s ]
NOTIC: [8] Undefined index: sell_desc /Applications/MAMP/htdocs/erhuo/Application/Runtime/Cache/Chat/1dd9cc5a0382be1f724b203e17a4ae64.php 第 145 行.
INFO: Run Behavior\ParseTemplateBehavior [ RunTime:0.006566s ]
INFO: [ view_parse ] --END-- [ RunTime:0.006608s ]
INFO: [ view_filter ] --START--
INFO: Run Behavior\WriteHtmlCacheBehavior [ RunTime:0.000109s ]
INFO: [ view_filter ] --END-- [ RunTime:0.000143s ]
INFO: [ app_end ] --START--
INFO: Run Behavior\ShowPageTraceBehavior [ RunTime:0.000355s ]
INFO: [ app_end ] --END-- [ RunTime:0.000389s ]

[ 2018-01-26T10:17:37+08:00 ] ::1 /erhuo/index.php/chat/
INFO: [ app_init ] --START--
INFO: Run Behavior\BuildLiteBehavior [ RunTime:0.000010s ]
INFO: [ app_init ] --END-- [ RunTime:0.000241s ]
INFO: [ app_begin ] --START--
INFO: Run Behavior\ReadHtmlCacheBehavior [ RunTime:0.000339s ]
INFO: [ app_begin ] --END-- [ RunTime:0.000382s ]
SQL: SHOW COLUMNS FROM `good` [ RunTime:0.0088s ]
SQL: SHOW COLUMNS FROM `category` [ RunTime:0.0073s ]
SQL: SELECT * FROM `good`  [ RunTime:0.0080s ]
INFO: [ view_parse ] --START--
INFO: [ template_filter ] --START--
INFO: Run Behavior\ContentReplaceBehavior [ RunTime:0.000070s ]
INFO: [ template_filter ] --END-- [ RunTime:0.000125s ]
NOTIC: [8] Undefined variable: third_category_list /Applications/MAMP/htdocs/erhuo/Application/Runtime/Cache/Chat/c84b2d525e24d16e06aefd7201f1449a.php 第 374 行.
NOTIC: [8] Undefined variable: second_category_list /Applications/MAMP/htdocs/erhuo/Application/Runtime/Cache/Chat/c84b2d525e24d16e06aefd7201f1449a.php 第 381 行.
NOTIC: [8] Undefined variable: first_category_list /Applications/MAMP/htdocs/erhuo/Application/Runtime/Cache/Chat/c84b2d525e24d16e06aefd7201f1449a.php 第 387 行.
NOTIC: [8] Undefined index: good_createtime /Applications/MAMP/htdocs/erhuo/Application/Runtime/Cache/Chat/c84b2d525e24d16e06aefd7201f1449a.php 第 405 行.
NOTIC: [8] Undefined index: good_createtime /Applications/MAMP/htdocs/erhuo/Application/Runtime/Cache/Chat/c84b2d525e24d16e06aefd7201f1449a.php 第 405 行.
NOTIC: [8] Undefined index: good_createtime /Applications/MAMP/htdocs/erhuo/Application/Runtime/Cache/Chat/c84b2d525e24d16e06aefd7201f1449a.php 第 405 行.
NOTIC: [8] Undefined index: good_createtime /Applications/MAMP/htdocs/erhuo/Application/Runtime/Cache/Chat/c84b2d525e24d16e06aefd7201f1449a.php 第 405 行.
NOTIC: [8] Undefined index: good_createtime /Applications/MAMP/htdocs/erhuo/Application/Runtime/Cache/Chat/c84b2d525e24d16e06aefd7201f1449a.php 第 405 行.
NOTIC: [8] Undefined index: good_createtime /Applications/MAMP/htdocs/erhuo/Application/Runtime/Cache/Chat/c84b2d525e24d16e06aefd7201f1449a.php 第 405 行.
INFO: Run Behavior\ParseTemplateBehavior [ RunTime:0.011865s ]
INFO: [ view_parse ] --END-- [ RunTime:0.011909s ]
INFO: [ view_filter ] --START--
INFO: Run Behavior\WriteHtmlCacheBehavior [ RunTime:0.000113s ]
INFO: [ view_filter ] --END-- [ RunTime:0.000146s ]
SQL: SELECT * FROM `category` WHERE `level` = 1  [ RunTime:0.0081s ]
SQL: SELECT * FROM `category` WHERE `level` = 2  [ RunTime:0.0078s ]
SQL: SELECT * FROM `category` WHERE `level` = 3  [ RunTime:0.0082s ]
INFO: [ app_end ] --START--
INFO: Run Behavior\ShowPageTraceBehavior [ RunTime:0.001033s ]
INFO: [ app_end ] --END-- [ RunTime:0.001134s ]

[ 2018-01-26T10:18:23+08:00 ] ::1 /erhuo/index.php/chat/
INFO: [ app_init ] --START--
INFO: Run Behavior\BuildLiteBehavior [ RunTime:0.000010s ]
INFO: [ app_init ] --END-- [ RunTime:0.000239s ]
INFO: [ app_begin ] --START--
INFO: Run Behavior\ReadHtmlCacheBehavior [ RunTime:0.000316s ]
INFO: [ app_begin ] --END-- [ RunTime:0.000356s ]
SQL: SHOW COLUMNS FROM `good` [ RunTime:0.0092s ]
SQL: SHOW COLUMNS FROM `category` [ RunTime:0.0076s ]
SQL: SELECT * FROM `good`  [ RunTime:0.0086s ]
INFO: [ view_parse ] --START--
INFO: [ template_filter ] --START--
INFO: Run Behavior\ContentReplaceBehavior [ RunTime:0.000064s ]
INFO: [ template_filter ] --END-- [ RunTime:0.000106s ]
NOTIC: [8] Undefined variable: third_category_list /Applications/MAMP/htdocs/erhuo/Application/Runtime/Cache/Chat/c84b2d525e24d16e06aefd7201f1449a.php 第 374 行.
NOTIC: [8] Undefined variable: second_category_list /Applications/MAMP/htdocs/erhuo/Application/Runtime/Cache/Chat/c84b2d525e24d16e06aefd7201f1449a.php 第 381 行.
NOTIC: [8] Undefined variable: first_category_list /Applications/MAMP/htdocs/erhuo/Application/Runtime/Cache/Chat/c84b2d525e24d16e06aefd7201f1449a.php 第 387 行.
NOTIC: [8] Undefined index: good_createtime /Applications/MAMP/htdocs/erhuo/Application/Runtime/Cache/Chat/c84b2d525e24d16e06aefd7201f1449a.php 第 405 行.
NOTIC: [8] Undefined index: good_createtime /Applications/MAMP/htdocs/erhuo/Application/Runtime/Cache/Chat/c84b2d525e24d16e06aefd7201f1449a.php 第 405 行.
NOTIC: [8] Undefined index: good_createtime /Applications/MAMP/htdocs/erhuo/Application/Runtime/Cache/Chat/c84b2d525e24d16e06aefd7201f1449a.php 第 405 行.
NOTIC: [8] Undefined index: good_createtime /Applications/MAMP/htdocs/erhuo/Application/Runtime/Cache/Chat/c84b2d525e24d16e06aefd7201f1449a.php 第 405 行.
NOTIC: [8] Undefined index: good_createtime /Applications/MAMP/htdocs/erhuo/Application/Runtime/Cache/Chat/c84b2d525e24d16e06aefd7201f1449a.php 第 405 行.
NOTIC: [8] Undefined index: good_createtime /Applications/MAMP/htdocs/erhuo/Application/Runtime/Cache/Chat/c84b2d525e24d16e06aefd7201f1449a.php 第 405 行.
INFO: Run Behavior\ParseTemplateBehavior [ RunTime:0.011461s ]
INFO: [ view_parse ] --END-- [ RunTime:0.011503s ]
INFO: [ view_filter ] --START--
INFO: Run Behavior\WriteHtmlCacheBehavior [ RunTime:0.000118s ]
INFO: [ view_filter ] --END-- [ RunTime:0.000157s ]
SQL: SELECT * FROM `category` WHERE `level` = 1  [ RunTime:0.0091s ]
SQL: SELECT * FROM `category` WHERE `level` = 2  [ RunTime:0.0079s ]
SQL: SELECT * FROM `category` WHERE `level` = 3  [ RunTime:0.0082s ]
INFO: [ app_end ] --START--
INFO: Run Behavior\ShowPageTraceBehavior [ RunTime:0.000457s ]
INFO: [ app_end ] --END-- [ RunTime:0.000511s ]

[ 2018-01-26T10:19:37+08:00 ] ::1 /erhuo/index.php/chat/
INFO: [ app_init ] --START--
INFO: Run Behavior\BuildLiteBehavior [ RunTime:0.000015s ]
INFO: [ app_init ] --END-- [ RunTime:0.000327s ]
INFO: [ app_begin ] --START--
INFO: Run Behavior\ReadHtmlCacheBehavior [ RunTime:0.000347s ]
INFO: [ app_begin ] --END-- [ RunTime:0.000392s ]
SQL: SHOW COLUMNS FROM `good` [ RunTime:0.0052s ]
SQL: SHOW COLUMNS FROM `category` [ RunTime:0.0071s ]
SQL: SELECT * FROM `good`  [ RunTime:0.0080s ]
INFO: [ view_parse ] --START--
INFO: [ template_filter ] --START--
INFO: Run Behavior\ContentReplaceBehavior [ RunTime:0.000093s ]
INFO: [ template_filter ] --END-- [ RunTime:0.000142s ]
NOTIC: [8] Undefined variable: third_category_list /Applications/MAMP/htdocs/erhuo/Application/Runtime/Cache/Chat/c84b2d525e24d16e06aefd7201f1449a.php 第 374 行.
NOTIC: [8] Undefined variable: second_category_list /Applications/MAMP/htdocs/erhuo/Application/Runtime/Cache/Chat/c84b2d525e24d16e06aefd7201f1449a.php 第 381 行.
NOTIC: [8] Undefined variable: first_category_list /Applications/MAMP/htdocs/erhuo/Application/Runtime/Cache/Chat/c84b2d525e24d16e06aefd7201f1449a.php 第 387 行.
NOTIC: [8] Undefined index: good_createtime /Applications/MAMP/htdocs/erhuo/Application/Runtime/Cache/Chat/c84b2d525e24d16e06aefd7201f1449a.php 第 405 行.
NOTIC: [8] Undefined index: good_createtime /Applications/MAMP/htdocs/erhuo/Application/Runtime/Cache/Chat/c84b2d525e24d16e06aefd7201f1449a.php 第 405 行.
NOTIC: [8] Undefined index: good_createtime /Applications/MAMP/htdocs/erhuo/Application/Runtime/Cache/Chat/c84b2d525e24d16e06aefd7201f1449a.php 第 405 行.
NOTIC: [8] Undefined index: good_createtime /Applications/MAMP/htdocs/erhuo/Application/Runtime/Cache/Chat/c84b2d525e24d16e06aefd7201f1449a.php 第 405 行.
NOTIC: [8] Undefined index: good_createtime /Applications/MAMP/htdocs/erhuo/Application/Runtime/Cache/Chat/c84b2d525e24d16e06aefd7201f1449a.php 第 405 行.
NOTIC: [8] Undefined index: good_createtime /Applications/MAMP/htdocs/erhuo/Application/Runtime/Cache/Chat/c84b2d525e24d16e06aefd7201f1449a.php 第 405 行.
INFO: Run Behavior\ParseTemplateBehavior [ RunTime:0.012512s ]
INFO: [ view_parse ] --END-- [ RunTime:0.012556s ]
INFO: [ view_filter ] --START--
INFO: Run Behavior\WriteHtmlCacheBehavior [ RunTime:0.000109s ]
INFO: [ view_filter ] --END-- [ RunTime:0.000143s ]
SQL: SELECT * FROM `category` WHERE `level` = 1  [ RunTime:0.0080s ]
SQL: SELECT * FROM `category` WHERE `level` = 2  [ RunTime:0.0067s ]
SQL: SELECT * FROM `category` WHERE `level` = 3  [ RunTime:0.0045s ]
INFO: [ app_end ] --START--
INFO: Run Behavior\ShowPageTraceBehavior [ RunTime:0.000433s ]
INFO: [ app_end ] --END-- [ RunTime:0.000473s ]

[ 2018-01-26T10:19:38+08:00 ] ::1 /erhuo/index.php/chat/good?id=4
INFO: [ app_init ] --START--
INFO: Run Behavior\BuildLiteBehavior [ RunTime:0.000010s ]
INFO: [ app_init ] --END-- [ RunTime:0.000237s ]
INFO: [ app_begin ] --START--
INFO: Run Behavior\ReadHtmlCacheBehavior [ RunTime:0.000322s ]
INFO: [ app_begin ] --END-- [ RunTime:0.000365s ]
SQL: SHOW COLUMNS FROM `good` [ RunTime:0.0099s ]
SQL: SHOW COLUMNS FROM `category` [ RunTime:0.0065s ]
SQL: SELECT * FROM `good` WHERE `good_id` = 4 LIMIT 1   [ RunTime:0.0090s ]
INFO: [ view_parse ] --START--
INFO: [ template_filter ] --START--
INFO: Run Behavior\ContentReplaceBehavior [ RunTime:0.000042s ]
INFO: [ template_filter ] --END-- [ RunTime:0.000080s ]
NOTIC: [8] Undefined index: sell_desc /Applications/MAMP/htdocs/erhuo/Application/Runtime/Cache/Chat/1dd9cc5a0382be1f724b203e17a4ae64.php 第 145 行.
INFO: Run Behavior\ParseTemplateBehavior [ RunTime:0.005967s ]
INFO: [ view_parse ] --END-- [ RunTime:0.006005s ]
INFO: [ view_filter ] --START--
INFO: Run Behavior\WriteHtmlCacheBehavior [ RunTime:0.000094s ]
INFO: [ view_filter ] --END-- [ RunTime:0.000129s ]
INFO: [ app_end ] --START--
INFO: Run Behavior\ShowPageTraceBehavior [ RunTime:0.000345s ]
INFO: [ app_end ] --END-- [ RunTime:0.000380s ]

[ 2018-01-26T10:19:47+08:00 ] ::1 /erhuo/index.php/chat/good?id=10
INFO: [ app_init ] --START--
INFO: Run Behavior\BuildLiteBehavior [ RunTime:0.000011s ]
INFO: [ app_init ] --END-- [ RunTime:0.000246s ]
INFO: [ app_begin ] --START--
INFO: Run Behavior\ReadHtmlCacheBehavior [ RunTime:0.000348s ]
INFO: [ app_begin ] --END-- [ RunTime:0.000390s ]
SQL: SHOW COLUMNS FROM `good` [ RunTime:0.0057s ]
SQL: SHOW COLUMNS FROM `category` [ RunTime:0.0072s ]
SQL: SELECT * FROM `good` WHERE `good_id` = 10 LIMIT 1   [ RunTime:0.0044s ]
INFO: [ view_parse ] --START--
INFO: [ template_filter ] --START--
INFO: Run Behavior\ContentReplaceBehavior [ RunTime:0.000042s ]
INFO: [ template_filter ] --END-- [ RunTime:0.000082s ]
NOTIC: [8] Undefined index: sell_desc /Applications/MAMP/htdocs/erhuo/Application/Runtime/Cache/Chat/1dd9cc5a0382be1f724b203e17a4ae64.php 第 145 行.
INFO: Run Behavior\ParseTemplateBehavior [ RunTime:0.006132s ]
INFO: [ view_parse ] --END-- [ RunTime:0.006169s ]
INFO: [ view_filter ] --START--
INFO: Run Behavior\WriteHtmlCacheBehavior [ RunTime:0.000097s ]
INFO: [ view_filter ] --END-- [ RunTime:0.000131s ]
INFO: [ app_end ] --START--
INFO: Run Behavior\ShowPageTraceBehavior [ RunTime:0.000340s ]
INFO: [ app_end ] --END-- [ RunTime:0.000374s ]

[ 2018-01-26T10:19:58+08:00 ] ::1 /erhuo/index.php/chat/index/search
INFO: [ app_init ] --START--
INFO: Run Behavior\BuildLiteBehavior [ RunTime:0.000015s ]
INFO: [ app_init ] --END-- [ RunTime:0.000331s ]
INFO: [ app_begin ] --START--
INFO: Run Behavior\ReadHtmlCacheBehavior [ RunTime:0.000347s ]
INFO: [ app_begin ] --END-- [ RunTime:0.000413s ]
SQL: SHOW COLUMNS FROM `good` [ RunTime:0.0091s ]
SQL: SHOW COLUMNS FROM `category` [ RunTime:0.0070s ]
SQL: 
                        SELECT*
             FROM  `good`  
            WHERE  `good_title`  like '%苏打粉%' [ RunTime:0.0080s ]
INFO: [ view_parse ] --START--
INFO: [ template_filter ] --START--
INFO: Run Behavior\ContentReplaceBehavior [ RunTime:0.000075s ]
INFO: [ template_filter ] --END-- [ RunTime:0.000116s ]
NOTIC: [8] Undefined variable: third_category_list /Applications/MAMP/htdocs/erhuo/Application/Runtime/Cache/Chat/15fa514c1d638e1a13982357eee5c84e.php 第 374 行.
NOTIC: [8] Undefined variable: second_category_list /Applications/MAMP/htdocs/erhuo/Application/Runtime/Cache/Chat/15fa514c1d638e1a13982357eee5c84e.php 第 381 行.
NOTIC: [8] Undefined variable: first_category_list /Applications/MAMP/htdocs/erhuo/Application/Runtime/Cache/Chat/15fa514c1d638e1a13982357eee5c84e.php 第 387 行.
INFO: Run Behavior\ParseTemplateBehavior [ RunTime:0.011408s ]
INFO: [ view_parse ] --END-- [ RunTime:0.011446s ]
INFO: [ view_filter ] --START--
INFO: Run Behavior\WriteHtmlCacheBehavior [ RunTime:0.000096s ]
INFO: [ view_filter ] --END-- [ RunTime:0.000128s ]
SQL: SELECT * FROM `category` WHERE `level` = 1  [ RunTime:0.0084s ]
SQL: SELECT * FROM `category` WHERE `level` = 2  [ RunTime:0.0089s ]
SQL: SELECT * FROM `category` WHERE `level` = 3  [ RunTime:0.0075s ]
INFO: [ app_end ] --START--
INFO: Run Behavior\ShowPageTraceBehavior [ RunTime:0.000489s ]
INFO: [ app_end ] --END-- [ RunTime:0.000538s ]

[ 2018-01-26T10:21:32+08:00 ] ::1 /erhuo/index.php/chat/index/search
INFO: [ app_init ] --START--
INFO: Run Behavior\BuildLiteBehavior [ RunTime:0.000011s ]
INFO: [ app_init ] --END-- [ RunTime:0.000245s ]
INFO: [ app_begin ] --START--
INFO: Run Behavior\ReadHtmlCacheBehavior [ RunTime:0.000359s ]
INFO: [ app_begin ] --END-- [ RunTime:0.000402s ]
SQL: SHOW COLUMNS FROM `good` [ RunTime:0.0053s ]
SQL: SHOW COLUMNS FROM `category` [ RunTime:0.0073s ]
SQL: 
                        SELECT*
             FROM  `good`  
            WHERE  `good_title`  like '%苏打粉%' [ RunTime:0.0083s ]
INFO: [ view_parse ] --START--
INFO: [ template_filter ] --START--
INFO: Run Behavior\ContentReplaceBehavior [ RunTime:0.000058s ]
INFO: [ template_filter ] --END-- [ RunTime:0.000096s ]
NOTIC: [8] Undefined variable: third_category_list /Applications/MAMP/htdocs/erhuo/Application/Runtime/Cache/Chat/15fa514c1d638e1a13982357eee5c84e.php 第 374 行.
NOTIC: [8] Undefined variable: second_category_list /Applications/MAMP/htdocs/erhuo/Application/Runtime/Cache/Chat/15fa514c1d638e1a13982357eee5c84e.php 第 381 行.
NOTIC: [8] Undefined variable: first_category_list /Applications/MAMP/htdocs/erhuo/Application/Runtime/Cache/Chat/15fa514c1d638e1a13982357eee5c84e.php 第 387 行.
INFO: Run Behavior\ParseTemplateBehavior [ RunTime:0.010713s ]
INFO: [ view_parse ] --END-- [ RunTime:0.010752s ]
INFO: [ view_filter ] --START--
INFO: Run Behavior\WriteHtmlCacheBehavior [ RunTime:0.000109s ]
INFO: [ view_filter ] --END-- [ RunTime:0.000141s ]
SQL: SELECT * FROM `category` WHERE `level` = 1  [ RunTime:0.0046s ]
SQL: SELECT * FROM `category` WHERE `level` = 2  [ RunTime:0.0080s ]
SQL: SELECT * FROM `category` WHERE `level` = 3  [ RunTime:0.0082s ]
INFO: [ app_end ] --START--
INFO: Run Behavior\ShowPageTraceBehavior [ RunTime:0.000420s ]
INFO: [ app_end ] --END-- [ RunTime:0.000462s ]

[ 2018-01-26T10:21:45+08:00 ] ::1 /erhuo/index.php/chat/index/search
INFO: [ app_init ] --START--
INFO: Run Behavior\BuildLiteBehavior [ RunTime:0.000010s ]
INFO: [ app_init ] --END-- [ RunTime:0.000246s ]
INFO: [ app_begin ] --START--
INFO: Run Behavior\ReadHtmlCacheBehavior [ RunTime:0.000370s ]
INFO: [ app_begin ] --END-- [ RunTime:0.000416s ]
SQL: SHOW COLUMNS FROM `good` [ RunTime:0.0050s ]
SQL: SHOW COLUMNS FROM `category` [ RunTime:0.0072s ]
SQL: 
                        SELECT*
             FROM  `good`  
            WHERE  `good_title`  like '%苏打粉%' [ RunTime:0.0077s ]
INFO: [ view_parse ] --START--
INFO: [ template_filter ] --START--
INFO: Run Behavior\ContentReplaceBehavior [ RunTime:0.000065s ]
INFO: [ template_filter ] --END-- [ RunTime:0.000115s ]
NOTIC: [8] Undefined variable: third_category_list /Applications/MAMP/htdocs/erhuo/Application/Runtime/Cache/Chat/15fa514c1d638e1a13982357eee5c84e.php 第 374 行.
NOTIC: [8] Undefined variable: second_category_list /Applications/MAMP/htdocs/erhuo/Application/Runtime/Cache/Chat/15fa514c1d638e1a13982357eee5c84e.php 第 381 行.
NOTIC: [8] Undefined variable: first_category_list /Applications/MAMP/htdocs/erhuo/Application/Runtime/Cache/Chat/15fa514c1d638e1a13982357eee5c84e.php 第 387 行.
INFO: Run Behavior\ParseTemplateBehavior [ RunTime:0.011926s ]
INFO: [ view_parse ] --END-- [ RunTime:0.011966s ]
INFO: [ view_filter ] --START--
INFO: Run Behavior\WriteHtmlCacheBehavior [ RunTime:0.000107s ]
INFO: [ view_filter ] --END-- [ RunTime:0.000140s ]
SQL: SELECT * FROM `category` WHERE `level` = 1  [ RunTime:0.0078s ]
SQL: SELECT * FROM `category` WHERE `level` = 2  [ RunTime:0.0078s ]
SQL: SELECT * FROM `category` WHERE `level` = 3  [ RunTime:0.0042s ]
INFO: [ app_end ] --START--
INFO: Run Behavior\ShowPageTraceBehavior [ RunTime:0.000476s ]
INFO: [ app_end ] --END-- [ RunTime:0.000520s ]

[ 2018-01-26T10:21:45+08:00 ] ::1 /erhuo/index.php/chat
INFO: [ app_init ] --START--
INFO: Run Behavior\BuildLiteBehavior [ RunTime:0.000009s ]
INFO: [ app_init ] --END-- [ RunTime:0.000237s ]
INFO: [ app_begin ] --START--
INFO: Run Behavior\ReadHtmlCacheBehavior [ RunTime:0.000313s ]
INFO: [ app_begin ] --END-- [ RunTime:0.000353s ]
SQL: SHOW COLUMNS FROM `good` [ RunTime:0.0097s ]
SQL: SHOW COLUMNS FROM `category` [ RunTime:0.0077s ]
SQL: SELECT * FROM `good`  [ RunTime:0.0080s ]
INFO: [ view_parse ] --START--
INFO: [ template_filter ] --START--
INFO: Run Behavior\ContentReplaceBehavior [ RunTime:0.000060s ]
INFO: [ template_filter ] --END-- [ RunTime:0.000098s ]
NOTIC: [8] Undefined variable: third_category_list /Applications/MAMP/htdocs/erhuo/Application/Runtime/Cache/Chat/c84b2d525e24d16e06aefd7201f1449a.php 第 374 行.
NOTIC: [8] Undefined variable: second_category_list /Applications/MAMP/htdocs/erhuo/Application/Runtime/Cache/Chat/c84b2d525e24d16e06aefd7201f1449a.php 第 381 行.
NOTIC: [8] Undefined variable: first_category_list /Applications/MAMP/htdocs/erhuo/Application/Runtime/Cache/Chat/c84b2d525e24d16e06aefd7201f1449a.php 第 387 行.
NOTIC: [8] Undefined index: good_createtime /Applications/MAMP/htdocs/erhuo/Application/Runtime/Cache/Chat/c84b2d525e24d16e06aefd7201f1449a.php 第 405 行.
NOTIC: [8] Undefined index: good_createtime /Applications/MAMP/htdocs/erhuo/Application/Runtime/Cache/Chat/c84b2d525e24d16e06aefd7201f1449a.php 第 405 行.
NOTIC: [8] Undefined index: good_createtime /Applications/MAMP/htdocs/erhuo/Application/Runtime/Cache/Chat/c84b2d525e24d16e06aefd7201f1449a.php 第 405 行.
NOTIC: [8] Undefined index: good_createtime /Applications/MAMP/htdocs/erhuo/Application/Runtime/Cache/Chat/c84b2d525e24d16e06aefd7201f1449a.php 第 405 行.
NOTIC: [8] Undefined index: good_createtime /Applications/MAMP/htdocs/erhuo/Application/Runtime/Cache/Chat/c84b2d525e24d16e06aefd7201f1449a.php 第 405 行.
NOTIC: [8] Undefined index: good_createtime /Applications/MAMP/htdocs/erhuo/Application/Runtime/Cache/Chat/c84b2d525e24d16e06aefd7201f1449a.php 第 405 行.
INFO: Run Behavior\ParseTemplateBehavior [ RunTime:0.010808s ]
INFO: [ view_parse ] --END-- [ RunTime:0.010845s ]
INFO: [ view_filter ] --START--
INFO: Run Behavior\WriteHtmlCacheBehavior [ RunTime:0.000095s ]
INFO: [ view_filter ] --END-- [ RunTime:0.000127s ]
SQL: SELECT * FROM `category` WHERE `level` = 1  [ RunTime:0.0088s ]
SQL: SELECT * FROM `category` WHERE `level` = 2  [ RunTime:0.0087s ]
SQL: SELECT * FROM `category` WHERE `level` = 3  [ RunTime:0.0076s ]
INFO: [ app_end ] --START--
INFO: Run Behavior\ShowPageTraceBehavior [ RunTime:0.000431s ]
INFO: [ app_end ] --END-- [ RunTime:0.000474s ]

[ 2018-01-26T10:21:47+08:00 ] ::1 /erhuo/index.php/chat/good?id=4
INFO: [ app_init ] --START--
INFO: Run Behavior\BuildLiteBehavior [ RunTime:0.000010s ]
INFO: [ app_init ] --END-- [ RunTime:0.000236s ]
INFO: [ app_begin ] --START--
INFO: Run Behavior\ReadHtmlCacheBehavior [ RunTime:0.000316s ]
INFO: [ app_begin ] --END-- [ RunTime:0.000356s ]
SQL: SHOW COLUMNS FROM `good` [ RunTime:0.0049s ]
SQL: SHOW COLUMNS FROM `category` [ RunTime:0.0039s ]
SQL: SELECT * FROM `good` WHERE `good_id` = 4 LIMIT 1   [ RunTime:0.0038s ]
INFO: [ view_parse ] --START--
INFO: [ template_filter ] --START--
INFO: Run Behavior\ContentReplaceBehavior [ RunTime:0.000040s ]
INFO: [ template_filter ] --END-- [ RunTime:0.000076s ]
NOTIC: [8] Undefined index: sell_desc /Applications/MAMP/htdocs/erhuo/Application/Runtime/Cache/Chat/1dd9cc5a0382be1f724b203e17a4ae64.php 第 145 行.
INFO: Run Behavior\ParseTemplateBehavior [ RunTime:0.005721s ]
INFO: [ view_parse ] --END-- [ RunTime:0.005757s ]
INFO: [ view_filter ] --START--
INFO: Run Behavior\WriteHtmlCacheBehavior [ RunTime:0.000089s ]
INFO: [ view_filter ] --END-- [ RunTime:0.000121s ]
INFO: [ app_end ] --START--
INFO: Run Behavior\ShowPageTraceBehavior [ RunTime:0.000332s ]
INFO: [ app_end ] --END-- [ RunTime:0.000380s ]

