[ 2018-03-01T15:54:10+08:00 ] ::1 /erhuo/index.php/chat
INFO: [ app_init ] --START--
INFO: Run Behavior\BuildLiteBehavior [ RunTime:0.000010s ]
INFO: [ app_init ] --END-- [ RunTime:0.000242s ]
INFO: [ app_begin ] --START--
INFO: Run Behavior\ReadHtmlCacheBehavior [ RunTime:0.000339s ]
INFO: [ app_begin ] --END-- [ RunTime:0.000380s ]
ERR: SQLSTATE[HY000] [1049] Unknown database 'erhuo'

[ 2018-03-01T15:55:16+08:00 ] ::1 /erhuo/index.php/chat
INFO: [ app_init ] --START--
INFO: Run Behavior\BuildLiteBehavior [ RunTime:0.000011s ]
INFO: [ app_init ] --END-- [ RunTime:0.000304s ]
INFO: [ app_begin ] --START--
INFO: Run Behavior\ReadHtmlCacheBehavior [ RunTime:0.000323s ]
INFO: [ app_begin ] --END-- [ RunTime:0.000364s ]
ERR: SQLSTATE[HY000] [1049] Unknown database 'erhuo'

[ 2018-03-01T15:55:34+08:00 ] ::1 /erhuo/index.php/chat
INFO: [ app_init ] --START--
INFO: Run Behavior\BuildLiteBehavior [ RunTime:0.000011s ]
INFO: [ app_init ] --END-- [ RunTime:0.000299s ]
INFO: [ app_begin ] --START--
INFO: Run Behavior\ReadHtmlCacheBehavior [ RunTime:0.000403s ]
INFO: [ app_begin ] --END-- [ RunTime:0.000454s ]
SQL: SHOW COLUMNS FROM `good` [ RunTime:0.0871s ]
SQL: SHOW COLUMNS FROM `category` [ RunTime:0.0247s ]
SQL: SELECT * FROM `good`  [ RunTime:0.0059s ]
INFO: [ view_parse ] --START--
INFO: [ template_filter ] --START--
INFO: Run Behavior\ContentReplaceBehavior [ RunTime:0.000062s ]
INFO: [ template_filter ] --END-- [ RunTime:0.000106s ]
NOTIC: [8] Undefined variable: third_category_list /Applications/MAMP/htdocs/erhuo/Application/Runtime/Cache/Chat/c84b2d525e24d16e06aefd7201f1449a.php 第 374 行.
NOTIC: [8] Undefined variable: second_category_list /Applications/MAMP/htdocs/erhuo/Application/Runtime/Cache/Chat/c84b2d525e24d16e06aefd7201f1449a.php 第 381 行.
NOTIC: [8] Undefined variable: first_category_list /Applications/MAMP/htdocs/erhuo/Application/Runtime/Cache/Chat/c84b2d525e24d16e06aefd7201f1449a.php 第 387 行.
NOTIC: [8] Undefined index: good_createtime /Applications/MAMP/htdocs/erhuo/Application/Runtime/Cache/Chat/c84b2d525e24d16e06aefd7201f1449a.php 第 405 行.
NOTIC: [8] Undefined index: good_createtime /Applications/MAMP/htdocs/erhuo/Application/Runtime/Cache/Chat/c84b2d525e24d16e06aefd7201f1449a.php 第 405 行.
NOTIC: [8] Undefined index: good_createtime /Applications/MAMP/htdocs/erhuo/Application/Runtime/Cache/Chat/c84b2d525e24d16e06aefd7201f1449a.php 第 405 行.
NOTIC: [8] Undefined index: good_createtime /Applications/MAMP/htdocs/erhuo/Application/Runtime/Cache/Chat/c84b2d525e24d16e06aefd7201f1449a.php 第 405 行.
NOTIC: [8] Undefined index: good_createtime /Applications/MAMP/htdocs/erhuo/Application/Runtime/Cache/Chat/c84b2d525e24d16e06aefd7201f1449a.php 第 405 行.
NOTIC: [8] Undefined index: good_createtime /Applications/MAMP/htdocs/erhuo/Application/Runtime/Cache/Chat/c84b2d525e24d16e06aefd7201f1449a.php 第 405 行.
INFO: Run Behavior\ParseTemplateBehavior [ RunTime:0.012573s ]
INFO: [ view_parse ] --END-- [ RunTime:0.012614s ]
INFO: [ view_filter ] --START--
INFO: Run Behavior\WriteHtmlCacheBehavior [ RunTime:0.000101s ]
INFO: [ view_filter ] --END-- [ RunTime:0.000135s ]
SQL: SELECT * FROM `category` WHERE `level` = 1  [ RunTime:0.0070s ]
SQL: SELECT * FROM `category` WHERE `level` = 2  [ RunTime:0.0075s ]
SQL: SELECT * FROM `category` WHERE `level` = 3  [ RunTime:0.0082s ]
INFO: [ app_end ] --START--
INFO: Run Behavior\ShowPageTraceBehavior [ RunTime:0.000528s ]
INFO: [ app_end ] --END-- [ RunTime:0.000575s ]

[ 2018-03-01T15:56:01+08:00 ] ::1 /erhuo/index.php/chat
INFO: [ app_init ] --START--
INFO: Run Behavior\BuildLiteBehavior [ RunTime:0.000017s ]
INFO: [ app_init ] --END-- [ RunTime:0.000393s ]
INFO: [ app_begin ] --START--
INFO: Run Behavior\ReadHtmlCacheBehavior [ RunTime:0.000465s ]
INFO: [ app_begin ] --END-- [ RunTime:0.000519s ]
SQL: SHOW COLUMNS FROM `good` [ RunTime:0.0051s ]
SQL: SHOW COLUMNS FROM `category` [ RunTime:0.0072s ]
SQL: SELECT * FROM `good`  [ RunTime:0.0084s ]
INFO: [ view_parse ] --START--
INFO: [ template_filter ] --START--
INFO: Run Behavior\ContentReplaceBehavior [ RunTime:0.000079s ]
INFO: [ template_filter ] --END-- [ RunTime:0.000127s ]
NOTIC: [8] Undefined variable: third_category_list /Applications/MAMP/htdocs/erhuo/Application/Runtime/Cache/Chat/c84b2d525e24d16e06aefd7201f1449a.php 第 374 行.
NOTIC: [8] Undefined variable: second_category_list /Applications/MAMP/htdocs/erhuo/Application/Runtime/Cache/Chat/c84b2d525e24d16e06aefd7201f1449a.php 第 381 行.
NOTIC: [8] Undefined variable: first_category_list /Applications/MAMP/htdocs/erhuo/Application/Runtime/Cache/Chat/c84b2d525e24d16e06aefd7201f1449a.php 第 387 行.
NOTIC: [8] Undefined index: good_createtime /Applications/MAMP/htdocs/erhuo/Application/Runtime/Cache/Chat/c84b2d525e24d16e06aefd7201f1449a.php 第 405 行.
NOTIC: [8] Undefined index: good_createtime /Applications/MAMP/htdocs/erhuo/Application/Runtime/Cache/Chat/c84b2d525e24d16e06aefd7201f1449a.php 第 405 行.
NOTIC: [8] Undefined index: good_createtime /Applications/MAMP/htdocs/erhuo/Application/Runtime/Cache/Chat/c84b2d525e24d16e06aefd7201f1449a.php 第 405 行.
NOTIC: [8] Undefined index: good_createtime /Applications/MAMP/htdocs/erhuo/Application/Runtime/Cache/Chat/c84b2d525e24d16e06aefd7201f1449a.php 第 405 行.
NOTIC: [8] Undefined index: good_createtime /Applications/MAMP/htdocs/erhuo/Application/Runtime/Cache/Chat/c84b2d525e24d16e06aefd7201f1449a.php 第 405 行.
NOTIC: [8] Undefined index: good_createtime /Applications/MAMP/htdocs/erhuo/Application/Runtime/Cache/Chat/c84b2d525e24d16e06aefd7201f1449a.php 第 405 行.
INFO: Run Behavior\ParseTemplateBehavior [ RunTime:0.012967s ]
INFO: [ view_parse ] --END-- [ RunTime:0.013014s ]
INFO: [ view_filter ] --START--
INFO: Run Behavior\WriteHtmlCacheBehavior [ RunTime:0.000110s ]
INFO: [ view_filter ] --END-- [ RunTime:0.000143s ]
SQL: SELECT * FROM `category` WHERE `level` = 1  [ RunTime:0.0064s ]
SQL: SELECT * FROM `category` WHERE `level` = 2  [ RunTime:0.0083s ]
SQL: SELECT * FROM `category` WHERE `level` = 3  [ RunTime:0.0079s ]
INFO: [ app_end ] --START--
INFO: Run Behavior\ShowPageTraceBehavior [ RunTime:0.000577s ]
INFO: [ app_end ] --END-- [ RunTime:0.000640s ]

[ 2018-03-01T16:00:10+08:00 ] ::1 /erhuo/index.php/chat
INFO: [ app_init ] --START--
INFO: Run Behavior\BuildLiteBehavior [ RunTime:0.000013s ]
INFO: [ app_init ] --END-- [ RunTime:0.000270s ]
INFO: [ app_begin ] --START--
INFO: Run Behavior\ReadHtmlCacheBehavior [ RunTime:0.000345s ]
INFO: [ app_begin ] --END-- [ RunTime:0.000387s ]
SQL: SHOW COLUMNS FROM `good` [ RunTime:0.0088s ]
SQL: SHOW COLUMNS FROM `category` [ RunTime:0.0072s ]
SQL: SELECT * FROM `good`  [ RunTime:0.0079s ]
INFO: [ view_parse ] --START--
INFO: [ template_filter ] --START--
INFO: Run Behavior\ContentReplaceBehavior [ RunTime:0.000062s ]
INFO: [ template_filter ] --END-- [ RunTime:0.000102s ]
NOTIC: [8] Undefined variable: third_category_list /Applications/MAMP/htdocs/erhuo/Application/Runtime/Cache/Chat/c84b2d525e24d16e06aefd7201f1449a.php 第 374 行.
NOTIC: [8] Undefined variable: second_category_list /Applications/MAMP/htdocs/erhuo/Application/Runtime/Cache/Chat/c84b2d525e24d16e06aefd7201f1449a.php 第 381 行.
NOTIC: [8] Undefined variable: first_category_list /Applications/MAMP/htdocs/erhuo/Application/Runtime/Cache/Chat/c84b2d525e24d16e06aefd7201f1449a.php 第 387 行.
NOTIC: [8] Undefined index: good_createtime /Applications/MAMP/htdocs/erhuo/Application/Runtime/Cache/Chat/c84b2d525e24d16e06aefd7201f1449a.php 第 405 行.
NOTIC: [8] Undefined index: good_createtime /Applications/MAMP/htdocs/erhuo/Application/Runtime/Cache/Chat/c84b2d525e24d16e06aefd7201f1449a.php 第 405 行.
NOTIC: [8] Undefined index: good_createtime /Applications/MAMP/htdocs/erhuo/Application/Runtime/Cache/Chat/c84b2d525e24d16e06aefd7201f1449a.php 第 405 行.
NOTIC: [8] Undefined index: good_createtime /Applications/MAMP/htdocs/erhuo/Application/Runtime/Cache/Chat/c84b2d525e24d16e06aefd7201f1449a.php 第 405 行.
NOTIC: [8] Undefined index: good_createtime /Applications/MAMP/htdocs/erhuo/Application/Runtime/Cache/Chat/c84b2d525e24d16e06aefd7201f1449a.php 第 405 行.
NOTIC: [8] Undefined index: good_createtime /Applications/MAMP/htdocs/erhuo/Application/Runtime/Cache/Chat/c84b2d525e24d16e06aefd7201f1449a.php 第 405 行.
INFO: Run Behavior\ParseTemplateBehavior [ RunTime:0.010975s ]
INFO: [ view_parse ] --END-- [ RunTime:0.011013s ]
INFO: [ view_filter ] --START--
INFO: Run Behavior\WriteHtmlCacheBehavior [ RunTime:0.000093s ]
INFO: [ view_filter ] --END-- [ RunTime:0.000125s ]
SQL: SELECT * FROM `category` WHERE `level` = 1  [ RunTime:0.0088s ]
SQL: SELECT * FROM `category` WHERE `level` = 2  [ RunTime:0.0075s ]
SQL: SELECT * FROM `category` WHERE `level` = 3  [ RunTime:0.0087s ]
INFO: [ app_end ] --START--
INFO: Run Behavior\ShowPageTraceBehavior [ RunTime:0.000516s ]
INFO: [ app_end ] --END-- [ RunTime:0.000569s ]

[ 2018-03-01T16:00:41+08:00 ] ::1 /erhuo/index.php/chat
INFO: [ app_init ] --START--
INFO: Run Behavior\BuildLiteBehavior [ RunTime:0.000018s ]
INFO: [ app_init ] --END-- [ RunTime:0.000388s ]
INFO: [ app_begin ] --START--
INFO: Run Behavior\ReadHtmlCacheBehavior [ RunTime:0.000458s ]
INFO: [ app_begin ] --END-- [ RunTime:0.000512s ]
SQL: SHOW COLUMNS FROM `good` [ RunTime:0.0090s ]
SQL: SHOW COLUMNS FROM `category` [ RunTime:0.0073s ]
SQL: SELECT * FROM `good`  [ RunTime:0.0078s ]
INFO: [ view_parse ] --START--
INFO: [ template_filter ] --START--
INFO: Run Behavior\ContentReplaceBehavior [ RunTime:0.000084s ]
INFO: [ template_filter ] --END-- [ RunTime:0.000144s ]
NOTIC: [8] Undefined variable: third_category_list /Applications/MAMP/htdocs/erhuo/Application/Runtime/Cache/Chat/c84b2d525e24d16e06aefd7201f1449a.php 第 374 行.
NOTIC: [8] Undefined variable: second_category_list /Applications/MAMP/htdocs/erhuo/Application/Runtime/Cache/Chat/c84b2d525e24d16e06aefd7201f1449a.php 第 381 行.
NOTIC: [8] Undefined variable: first_category_list /Applications/MAMP/htdocs/erhuo/Application/Runtime/Cache/Chat/c84b2d525e24d16e06aefd7201f1449a.php 第 387 行.
NOTIC: [8] Undefined index: good_createtime /Applications/MAMP/htdocs/erhuo/Application/Runtime/Cache/Chat/c84b2d525e24d16e06aefd7201f1449a.php 第 405 行.
NOTIC: [8] Undefined index: good_createtime /Applications/MAMP/htdocs/erhuo/Application/Runtime/Cache/Chat/c84b2d525e24d16e06aefd7201f1449a.php 第 405 行.
NOTIC: [8] Undefined index: good_createtime /Applications/MAMP/htdocs/erhuo/Application/Runtime/Cache/Chat/c84b2d525e24d16e06aefd7201f1449a.php 第 405 行.
NOTIC: [8] Undefined index: good_createtime /Applications/MAMP/htdocs/erhuo/Application/Runtime/Cache/Chat/c84b2d525e24d16e06aefd7201f1449a.php 第 405 行.
NOTIC: [8] Undefined index: good_createtime /Applications/MAMP/htdocs/erhuo/Application/Runtime/Cache/Chat/c84b2d525e24d16e06aefd7201f1449a.php 第 405 行.
NOTIC: [8] Undefined index: good_createtime /Applications/MAMP/htdocs/erhuo/Application/Runtime/Cache/Chat/c84b2d525e24d16e06aefd7201f1449a.php 第 405 行.
INFO: Run Behavior\ParseTemplateBehavior [ RunTime:0.012932s ]
INFO: [ view_parse ] --END-- [ RunTime:0.012971s ]
INFO: [ view_filter ] --START--
INFO: Run Behavior\WriteHtmlCacheBehavior [ RunTime:0.000118s ]
INFO: [ view_filter ] --END-- [ RunTime:0.000158s ]
SQL: SELECT * FROM `category` WHERE `level` = 1  [ RunTime:0.0066s ]
SQL: SELECT * FROM `category` WHERE `level` = 2  [ RunTime:0.0077s ]
SQL: SELECT * FROM `category` WHERE `level` = 3  [ RunTime:0.0084s ]
INFO: [ app_end ] --START--
INFO: Run Behavior\ShowPageTraceBehavior [ RunTime:0.000609s ]
INFO: [ app_end ] --END-- [ RunTime:0.000677s ]

[ 2018-03-01T16:00:53+08:00 ] ::1 /erhuo/index.php/chat
INFO: [ app_init ] --START--
INFO: Run Behavior\BuildLiteBehavior [ RunTime:0.000014s ]
INFO: [ app_init ] --END-- [ RunTime:0.000341s ]
INFO: [ app_begin ] --START--
INFO: Run Behavior\ReadHtmlCacheBehavior [ RunTime:0.000487s ]
INFO: [ app_begin ] --END-- [ RunTime:0.000547s ]
SQL: SHOW COLUMNS FROM `good` [ RunTime:0.0052s ]
SQL: SHOW COLUMNS FROM `category` [ RunTime:0.0068s ]
SQL: SELECT * FROM `good`  [ RunTime:0.0078s ]
INFO: [ view_parse ] --START--
INFO: [ template_filter ] --START--
INFO: Run Behavior\ContentReplaceBehavior [ RunTime:0.000067s ]
INFO: [ template_filter ] --END-- [ RunTime:0.000118s ]
NOTIC: [8] Undefined variable: third_category_list /Applications/MAMP/htdocs/erhuo/Application/Runtime/Cache/Chat/c84b2d525e24d16e06aefd7201f1449a.php 第 374 行.
NOTIC: [8] Undefined variable: second_category_list /Applications/MAMP/htdocs/erhuo/Application/Runtime/Cache/Chat/c84b2d525e24d16e06aefd7201f1449a.php 第 381 行.
NOTIC: [8] Undefined variable: first_category_list /Applications/MAMP/htdocs/erhuo/Application/Runtime/Cache/Chat/c84b2d525e24d16e06aefd7201f1449a.php 第 387 行.
NOTIC: [8] Undefined index: good_createtime /Applications/MAMP/htdocs/erhuo/Application/Runtime/Cache/Chat/c84b2d525e24d16e06aefd7201f1449a.php 第 405 行.
NOTIC: [8] Undefined index: good_createtime /Applications/MAMP/htdocs/erhuo/Application/Runtime/Cache/Chat/c84b2d525e24d16e06aefd7201f1449a.php 第 405 行.
NOTIC: [8] Undefined index: good_createtime /Applications/MAMP/htdocs/erhuo/Application/Runtime/Cache/Chat/c84b2d525e24d16e06aefd7201f1449a.php 第 405 行.
NOTIC: [8] Undefined index: good_createtime /Applications/MAMP/htdocs/erhuo/Application/Runtime/Cache/Chat/c84b2d525e24d16e06aefd7201f1449a.php 第 405 行.
NOTIC: [8] Undefined index: good_createtime /Applications/MAMP/htdocs/erhuo/Application/Runtime/Cache/Chat/c84b2d525e24d16e06aefd7201f1449a.php 第 405 行.
NOTIC: [8] Undefined index: good_createtime /Applications/MAMP/htdocs/erhuo/Application/Runtime/Cache/Chat/c84b2d525e24d16e06aefd7201f1449a.php 第 405 行.
INFO: Run Behavior\ParseTemplateBehavior [ RunTime:0.012520s ]
INFO: [ view_parse ] --END-- [ RunTime:0.012561s ]
INFO: [ view_filter ] --START--
INFO: Run Behavior\WriteHtmlCacheBehavior [ RunTime:0.000109s ]
INFO: [ view_filter ] --END-- [ RunTime:0.000143s ]
SQL: SELECT * FROM `category` WHERE `level` = 1  [ RunTime:0.0074s ]
SQL: SELECT * FROM `category` WHERE `level` = 2  [ RunTime:0.0074s ]
SQL: SELECT * FROM `category` WHERE `level` = 3  [ RunTime:0.0042s ]
INFO: [ app_end ] --START--
INFO: Run Behavior\ShowPageTraceBehavior [ RunTime:0.000541s ]
INFO: [ app_end ] --END-- [ RunTime:0.000593s ]

[ 2018-03-01T16:00:54+08:00 ] ::1 /erhuo/index.php/chat
INFO: [ app_init ] --START--
INFO: Run Behavior\BuildLiteBehavior [ RunTime:0.000015s ]
INFO: [ app_init ] --END-- [ RunTime:0.000372s ]
INFO: [ app_begin ] --START--
INFO: Run Behavior\ReadHtmlCacheBehavior [ RunTime:0.000529s ]
INFO: [ app_begin ] --END-- [ RunTime:0.000587s ]
SQL: SHOW COLUMNS FROM `good` [ RunTime:0.0092s ]
SQL: SHOW COLUMNS FROM `category` [ RunTime:0.0078s ]
SQL: SELECT * FROM `good`  [ RunTime:0.0080s ]
INFO: [ view_parse ] --START--
INFO: [ template_filter ] --START--
INFO: Run Behavior\ContentReplaceBehavior [ RunTime:0.000064s ]
INFO: [ template_filter ] --END-- [ RunTime:0.000113s ]
NOTIC: [8] Undefined variable: third_category_list /Applications/MAMP/htdocs/erhuo/Application/Runtime/Cache/Chat/c84b2d525e24d16e06aefd7201f1449a.php 第 374 行.
NOTIC: [8] Undefined variable: second_category_list /Applications/MAMP/htdocs/erhuo/Application/Runtime/Cache/Chat/c84b2d525e24d16e06aefd7201f1449a.php 第 381 行.
NOTIC: [8] Undefined variable: first_category_list /Applications/MAMP/htdocs/erhuo/Application/Runtime/Cache/Chat/c84b2d525e24d16e06aefd7201f1449a.php 第 387 行.
NOTIC: [8] Undefined index: good_createtime /Applications/MAMP/htdocs/erhuo/Application/Runtime/Cache/Chat/c84b2d525e24d16e06aefd7201f1449a.php 第 405 行.
NOTIC: [8] Undefined index: good_createtime /Applications/MAMP/htdocs/erhuo/Application/Runtime/Cache/Chat/c84b2d525e24d16e06aefd7201f1449a.php 第 405 行.
NOTIC: [8] Undefined index: good_createtime /Applications/MAMP/htdocs/erhuo/Application/Runtime/Cache/Chat/c84b2d525e24d16e06aefd7201f1449a.php 第 405 行.
NOTIC: [8] Undefined index: good_createtime /Applications/MAMP/htdocs/erhuo/Application/Runtime/Cache/Chat/c84b2d525e24d16e06aefd7201f1449a.php 第 405 行.
NOTIC: [8] Undefined index: good_createtime /Applications/MAMP/htdocs/erhuo/Application/Runtime/Cache/Chat/c84b2d525e24d16e06aefd7201f1449a.php 第 405 行.
NOTIC: [8] Undefined index: good_createtime /Applications/MAMP/htdocs/erhuo/Application/Runtime/Cache/Chat/c84b2d525e24d16e06aefd7201f1449a.php 第 405 行.
INFO: Run Behavior\ParseTemplateBehavior [ RunTime:0.011965s ]
INFO: [ view_parse ] --END-- [ RunTime:0.012008s ]
INFO: [ view_filter ] --START--
INFO: Run Behavior\WriteHtmlCacheBehavior [ RunTime:0.000110s ]
INFO: [ view_filter ] --END-- [ RunTime:0.000144s ]
SQL: SELECT * FROM `category` WHERE `level` = 1  [ RunTime:0.0073s ]
SQL: SELECT * FROM `category` WHERE `level` = 2  [ RunTime:0.0081s ]
SQL: SELECT * FROM `category` WHERE `level` = 3  [ RunTime:0.0081s ]
INFO: [ app_end ] --START--
INFO: Run Behavior\ShowPageTraceBehavior [ RunTime:0.000645s ]
INFO: [ app_end ] --END-- [ RunTime:0.000703s ]

[ 2018-03-01T16:02:00+08:00 ] ::1 /erhuo/index.php/chat
INFO: [ app_init ] --START--
INFO: Run Behavior\BuildLiteBehavior [ RunTime:0.000015s ]
INFO: [ app_init ] --END-- [ RunTime:0.000390s ]
INFO: [ app_begin ] --START--
INFO: Run Behavior\ReadHtmlCacheBehavior [ RunTime:0.000439s ]
INFO: [ app_begin ] --END-- [ RunTime:0.000489s ]
SQL: SHOW COLUMNS FROM `good` [ RunTime:0.0091s ]
SQL: SHOW COLUMNS FROM `category` [ RunTime:0.0073s ]
SQL: SELECT * FROM `good`  [ RunTime:0.0081s ]
INFO: [ view_parse ] --START--
INFO: [ template_filter ] --START--
INFO: Run Behavior\ContentReplaceBehavior [ RunTime:0.000063s ]
INFO: [ template_filter ] --END-- [ RunTime:0.000107s ]
NOTIC: [8] Undefined variable: third_category_list /Applications/MAMP/htdocs/erhuo/Application/Runtime/Cache/Chat/c84b2d525e24d16e06aefd7201f1449a.php 第 374 行.
NOTIC: [8] Undefined variable: second_category_list /Applications/MAMP/htdocs/erhuo/Application/Runtime/Cache/Chat/c84b2d525e24d16e06aefd7201f1449a.php 第 381 行.
NOTIC: [8] Undefined variable: first_category_list /Applications/MAMP/htdocs/erhuo/Application/Runtime/Cache/Chat/c84b2d525e24d16e06aefd7201f1449a.php 第 387 行.
NOTIC: [8] Undefined index: good_createtime /Applications/MAMP/htdocs/erhuo/Application/Runtime/Cache/Chat/c84b2d525e24d16e06aefd7201f1449a.php 第 405 行.
NOTIC: [8] Undefined index: good_createtime /Applications/MAMP/htdocs/erhuo/Application/Runtime/Cache/Chat/c84b2d525e24d16e06aefd7201f1449a.php 第 405 行.
NOTIC: [8] Undefined index: good_createtime /Applications/MAMP/htdocs/erhuo/Application/Runtime/Cache/Chat/c84b2d525e24d16e06aefd7201f1449a.php 第 405 行.
NOTIC: [8] Undefined index: good_createtime /Applications/MAMP/htdocs/erhuo/Application/Runtime/Cache/Chat/c84b2d525e24d16e06aefd7201f1449a.php 第 405 行.
NOTIC: [8] Undefined index: good_createtime /Applications/MAMP/htdocs/erhuo/Application/Runtime/Cache/Chat/c84b2d525e24d16e06aefd7201f1449a.php 第 405 行.
NOTIC: [8] Undefined index: good_createtime /Applications/MAMP/htdocs/erhuo/Application/Runtime/Cache/Chat/c84b2d525e24d16e06aefd7201f1449a.php 第 405 行.
INFO: Run Behavior\ParseTemplateBehavior [ RunTime:0.011501s ]
INFO: [ view_parse ] --END-- [ RunTime:0.011541s ]
INFO: [ view_filter ] --START--
INFO: Run Behavior\WriteHtmlCacheBehavior [ RunTime:0.000110s ]
INFO: [ view_filter ] --END-- [ RunTime:0.000144s ]
SQL: SELECT * FROM `category` WHERE `level` = 1  [ RunTime:0.0084s ]
SQL: SELECT * FROM `category` WHERE `level` = 2  [ RunTime:0.0077s ]
SQL: SELECT * FROM `category` WHERE `level` = 3  [ RunTime:0.0081s ]
INFO: [ app_end ] --START--
INFO: Run Behavior\ShowPageTraceBehavior [ RunTime:0.000805s ]
INFO: [ app_end ] --END-- [ RunTime:0.000887s ]

[ 2018-03-01T16:04:21+08:00 ] ::1 /erhuo/index.php/chat
INFO: [ app_init ] --START--
INFO: Run Behavior\BuildLiteBehavior [ RunTime:0.000043s ]
INFO: [ app_init ] --END-- [ RunTime:0.000431s ]
INFO: [ app_begin ] --START--
INFO: Run Behavior\ReadHtmlCacheBehavior [ RunTime:0.000428s ]
INFO: [ app_begin ] --END-- [ RunTime:0.000483s ]
SQL: SHOW COLUMNS FROM `good` [ RunTime:0.0092s ]
SQL: SHOW COLUMNS FROM `category` [ RunTime:0.0071s ]
SQL: SELECT * FROM `good`  [ RunTime:0.0078s ]
INFO: [ view_parse ] --START--
INFO: [ template_filter ] --START--
INFO: Run Behavior\ContentReplaceBehavior [ RunTime:0.000090s ]
INFO: [ template_filter ] --END-- [ RunTime:0.000155s ]
NOTIC: [8] Undefined variable: third_category_list /Applications/MAMP/htdocs/erhuo/Application/Runtime/Cache/Chat/c84b2d525e24d16e06aefd7201f1449a.php 第 374 行.
NOTIC: [8] Undefined variable: second_category_list /Applications/MAMP/htdocs/erhuo/Application/Runtime/Cache/Chat/c84b2d525e24d16e06aefd7201f1449a.php 第 381 行.
NOTIC: [8] Undefined variable: first_category_list /Applications/MAMP/htdocs/erhuo/Application/Runtime/Cache/Chat/c84b2d525e24d16e06aefd7201f1449a.php 第 387 行.
NOTIC: [8] Undefined index: good_createtime /Applications/MAMP/htdocs/erhuo/Application/Runtime/Cache/Chat/c84b2d525e24d16e06aefd7201f1449a.php 第 405 行.
NOTIC: [8] Undefined index: good_createtime /Applications/MAMP/htdocs/erhuo/Application/Runtime/Cache/Chat/c84b2d525e24d16e06aefd7201f1449a.php 第 405 行.
NOTIC: [8] Undefined index: good_createtime /Applications/MAMP/htdocs/erhuo/Application/Runtime/Cache/Chat/c84b2d525e24d16e06aefd7201f1449a.php 第 405 行.
NOTIC: [8] Undefined index: good_createtime /Applications/MAMP/htdocs/erhuo/Application/Runtime/Cache/Chat/c84b2d525e24d16e06aefd7201f1449a.php 第 405 行.
NOTIC: [8] Undefined index: good_createtime /Applications/MAMP/htdocs/erhuo/Application/Runtime/Cache/Chat/c84b2d525e24d16e06aefd7201f1449a.php 第 405 行.
NOTIC: [8] Undefined index: good_createtime /Applications/MAMP/htdocs/erhuo/Application/Runtime/Cache/Chat/c84b2d525e24d16e06aefd7201f1449a.php 第 405 行.
INFO: Run Behavior\ParseTemplateBehavior [ RunTime:0.011881s ]
INFO: [ view_parse ] --END-- [ RunTime:0.011931s ]
INFO: [ view_filter ] --START--
INFO: Run Behavior\WriteHtmlCacheBehavior [ RunTime:0.000214s ]
INFO: [ view_filter ] --END-- [ RunTime:0.000272s ]
SQL: SELECT * FROM `category` WHERE `level` = 1  [ RunTime:0.0075s ]
SQL: SELECT * FROM `category` WHERE `level` = 2  [ RunTime:0.0079s ]
SQL: SELECT * FROM `category` WHERE `level` = 3  [ RunTime:0.0081s ]
INFO: [ app_end ] --START--
INFO: Run Behavior\ShowPageTraceBehavior [ RunTime:0.000397s ]
INFO: [ app_end ] --END-- [ RunTime:0.000437s ]

[ 2018-03-01T16:04:23+08:00 ] ::1 /erhuo/index.php/chat/good?id=9
INFO: [ app_init ] --START--
INFO: Run Behavior\BuildLiteBehavior [ RunTime:0.000012s ]
INFO: [ app_init ] --END-- [ RunTime:0.000318s ]
INFO: [ app_begin ] --START--
INFO: Run Behavior\ReadHtmlCacheBehavior [ RunTime:0.000451s ]
INFO: [ app_begin ] --END-- [ RunTime:0.000507s ]
SQL: SHOW COLUMNS FROM `good` [ RunTime:0.0097s ]
SQL: SHOW COLUMNS FROM `category` [ RunTime:0.0069s ]
SQL: SELECT * FROM `good` WHERE `good_id` = 9 LIMIT 1   [ RunTime:0.0072s ]
INFO: [ view_parse ] --START--
INFO: [ template_filter ] --START--
INFO: Run Behavior\ContentReplaceBehavior [ RunTime:0.000044s ]
INFO: [ template_filter ] --END-- [ RunTime:0.000085s ]
NOTIC: [8] Undefined index: sell_desc /Applications/MAMP/htdocs/erhuo/Application/Runtime/Cache/Chat/1dd9cc5a0382be1f724b203e17a4ae64.php 第 145 行.
INFO: Run Behavior\ParseTemplateBehavior [ RunTime:0.006817s ]
INFO: [ view_parse ] --END-- [ RunTime:0.006855s ]
INFO: [ view_filter ] --START--
INFO: Run Behavior\WriteHtmlCacheBehavior [ RunTime:0.000112s ]
INFO: [ view_filter ] --END-- [ RunTime:0.000146s ]
INFO: [ app_end ] --START--
INFO: Run Behavior\ShowPageTraceBehavior [ RunTime:0.000388s ]
INFO: [ app_end ] --END-- [ RunTime:0.000426s ]

[ 2018-03-01T16:11:15+08:00 ] ::1 /erhuo/index.php/chat
INFO: [ app_init ] --START--
INFO: Run Behavior\BuildLiteBehavior [ RunTime:0.000017s ]
INFO: [ app_init ] --END-- [ RunTime:0.000369s ]
INFO: [ app_begin ] --START--
INFO: Run Behavior\ReadHtmlCacheBehavior [ RunTime:0.000440s ]
INFO: [ app_begin ] --END-- [ RunTime:0.000510s ]
SQL: SHOW COLUMNS FROM `good` [ RunTime:0.0051s ]
SQL: SHOW COLUMNS FROM `category` [ RunTime:0.0073s ]
SQL: SELECT * FROM `good`  [ RunTime:0.0078s ]
INFO: [ view_parse ] --START--
INFO: [ template_filter ] --START--
INFO: Run Behavior\ContentReplaceBehavior [ RunTime:0.000065s ]
INFO: [ template_filter ] --END-- [ RunTime:0.000111s ]
NOTIC: [8] Undefined variable: third_category_list /Applications/MAMP/htdocs/erhuo/Application/Runtime/Cache/Chat/c84b2d525e24d16e06aefd7201f1449a.php 第 374 行.
NOTIC: [8] Undefined variable: second_category_list /Applications/MAMP/htdocs/erhuo/Application/Runtime/Cache/Chat/c84b2d525e24d16e06aefd7201f1449a.php 第 381 行.
NOTIC: [8] Undefined variable: first_category_list /Applications/MAMP/htdocs/erhuo/Application/Runtime/Cache/Chat/c84b2d525e24d16e06aefd7201f1449a.php 第 387 行.
NOTIC: [8] Undefined index: good_createtime /Applications/MAMP/htdocs/erhuo/Application/Runtime/Cache/Chat/c84b2d525e24d16e06aefd7201f1449a.php 第 405 行.
NOTIC: [8] Undefined index: good_createtime /Applications/MAMP/htdocs/erhuo/Application/Runtime/Cache/Chat/c84b2d525e24d16e06aefd7201f1449a.php 第 405 行.
NOTIC: [8] Undefined index: good_createtime /Applications/MAMP/htdocs/erhuo/Application/Runtime/Cache/Chat/c84b2d525e24d16e06aefd7201f1449a.php 第 405 行.
NOTIC: [8] Undefined index: good_createtime /Applications/MAMP/htdocs/erhuo/Application/Runtime/Cache/Chat/c84b2d525e24d16e06aefd7201f1449a.php 第 405 行.
NOTIC: [8] Undefined index: good_createtime /Applications/MAMP/htdocs/erhuo/Application/Runtime/Cache/Chat/c84b2d525e24d16e06aefd7201f1449a.php 第 405 行.
NOTIC: [8] Undefined index: good_createtime /Applications/MAMP/htdocs/erhuo/Application/Runtime/Cache/Chat/c84b2d525e24d16e06aefd7201f1449a.php 第 405 行.
INFO: Run Behavior\ParseTemplateBehavior [ RunTime:0.013688s ]
INFO: [ view_parse ] --END-- [ RunTime:0.013751s ]
INFO: [ view_filter ] --START--
INFO: Run Behavior\WriteHtmlCacheBehavior [ RunTime:0.000145s ]
INFO: [ view_filter ] --END-- [ RunTime:0.000191s ]
SQL: SELECT * FROM `category` WHERE `level` = 1  [ RunTime:0.0055s ]
SQL: SELECT * FROM `category` WHERE `level` = 2  [ RunTime:0.0080s ]
SQL: SELECT * FROM `category` WHERE `level` = 3  [ RunTime:0.0043s ]
INFO: [ app_end ] --START--
INFO: Run Behavior\ShowPageTraceBehavior [ RunTime:0.000409s ]
INFO: [ app_end ] --END-- [ RunTime:0.000450s ]

[ 2018-03-01T16:11:54+08:00 ] ::1 /erhuo/index.php/chat
INFO: [ app_init ] --START--
INFO: Run Behavior\BuildLiteBehavior [ RunTime:0.000012s ]
INFO: [ app_init ] --END-- [ RunTime:0.000264s ]
INFO: [ app_begin ] --START--
INFO: Run Behavior\ReadHtmlCacheBehavior [ RunTime:0.000427s ]
INFO: [ app_begin ] --END-- [ RunTime:0.000480s ]
SQL: SHOW COLUMNS FROM `good` [ RunTime:0.0052s ]
SQL: SHOW COLUMNS FROM `category` [ RunTime:0.0070s ]
SQL: SELECT * FROM `good`  [ RunTime:0.0080s ]
INFO: [ view_parse ] --START--
INFO: [ template_filter ] --START--
INFO: Run Behavior\ContentReplaceBehavior [ RunTime:0.000067s ]
INFO: [ template_filter ] --END-- [ RunTime:0.000119s ]
NOTIC: [8] Undefined variable: third_category_list /Applications/MAMP/htdocs/erhuo/Application/Runtime/Cache/Chat/c84b2d525e24d16e06aefd7201f1449a.php 第 374 行.
NOTIC: [8] Undefined variable: second_category_list /Applications/MAMP/htdocs/erhuo/Application/Runtime/Cache/Chat/c84b2d525e24d16e06aefd7201f1449a.php 第 381 行.
NOTIC: [8] Undefined variable: first_category_list /Applications/MAMP/htdocs/erhuo/Application/Runtime/Cache/Chat/c84b2d525e24d16e06aefd7201f1449a.php 第 387 行.
NOTIC: [8] Undefined index: good_createtime /Applications/MAMP/htdocs/erhuo/Application/Runtime/Cache/Chat/c84b2d525e24d16e06aefd7201f1449a.php 第 405 行.
NOTIC: [8] Undefined index: good_createtime /Applications/MAMP/htdocs/erhuo/Application/Runtime/Cache/Chat/c84b2d525e24d16e06aefd7201f1449a.php 第 405 行.
NOTIC: [8] Undefined index: good_createtime /Applications/MAMP/htdocs/erhuo/Application/Runtime/Cache/Chat/c84b2d525e24d16e06aefd7201f1449a.php 第 405 行.
NOTIC: [8] Undefined index: good_createtime /Applications/MAMP/htdocs/erhuo/Application/Runtime/Cache/Chat/c84b2d525e24d16e06aefd7201f1449a.php 第 405 行.
NOTIC: [8] Undefined index: good_createtime /Applications/MAMP/htdocs/erhuo/Application/Runtime/Cache/Chat/c84b2d525e24d16e06aefd7201f1449a.php 第 405 行.
NOTIC: [8] Undefined index: good_createtime /Applications/MAMP/htdocs/erhuo/Application/Runtime/Cache/Chat/c84b2d525e24d16e06aefd7201f1449a.php 第 405 行.
INFO: Run Behavior\ParseTemplateBehavior [ RunTime:0.014556s ]
INFO: [ view_parse ] --END-- [ RunTime:0.014601s ]
INFO: [ view_filter ] --START--
INFO: Run Behavior\WriteHtmlCacheBehavior [ RunTime:0.000112s ]
INFO: [ view_filter ] --END-- [ RunTime:0.000146s ]
SQL: SELECT * FROM `category` WHERE `level` = 1  [ RunTime:0.0050s ]
SQL: SELECT * FROM `category` WHERE `level` = 2  [ RunTime:0.0078s ]
SQL: SELECT * FROM `category` WHERE `level` = 3  [ RunTime:0.0085s ]
INFO: [ app_end ] --START--
INFO: Run Behavior\ShowPageTraceBehavior [ RunTime:0.000562s ]
INFO: [ app_end ] --END-- [ RunTime:0.000620s ]

