[ 2018-02-26T17:21:28+08:00 ] ::1 /erhuo/index.php/chat
INFO: [ app_init ] --START--
INFO: Run Behavior\BuildLiteBehavior [ RunTime:0.000009s ]
INFO: [ app_init ] --END-- [ RunTime:0.000245s ]
INFO: [ app_begin ] --START--
INFO: Run Behavior\ReadHtmlCacheBehavior [ RunTime:0.000322s ]
INFO: [ app_begin ] --END-- [ RunTime:0.000362s ]
SQL: SHOW COLUMNS FROM `good` [ RunTime:0.0053s ]
SQL: SHOW COLUMNS FROM `category` [ RunTime:0.0073s ]
SQL: SELECT * FROM `good`  [ RunTime:0.0079s ]
INFO: [ view_parse ] --START--
INFO: [ template_filter ] --START--
INFO: Run Behavior\ContentReplaceBehavior [ RunTime:0.000066s ]
INFO: [ template_filter ] --END-- [ RunTime:0.000113s ]
NOTIC: [8] Undefined variable: third_category_list /Applications/MAMP/htdocs/erhuo/Application/Runtime/Cache/Chat/c84b2d525e24d16e06aefd7201f1449a.php 第 374 行.
NOTIC: [8] Undefined variable: second_category_list /Applications/MAMP/htdocs/erhuo/Application/Runtime/Cache/Chat/c84b2d525e24d16e06aefd7201f1449a.php 第 381 行.
NOTIC: [8] Undefined variable: first_category_list /Applications/MAMP/htdocs/erhuo/Application/Runtime/Cache/Chat/c84b2d525e24d16e06aefd7201f1449a.php 第 387 行.
NOTIC: [8] Undefined index: good_createtime /Applications/MAMP/htdocs/erhuo/Application/Runtime/Cache/Chat/c84b2d525e24d16e06aefd7201f1449a.php 第 405 行.
NOTIC: [8] Undefined index: good_createtime /Applications/MAMP/htdocs/erhuo/Application/Runtime/Cache/Chat/c84b2d525e24d16e06aefd7201f1449a.php 第 405 行.
NOTIC: [8] Undefined index: good_createtime /Applications/MAMP/htdocs/erhuo/Application/Runtime/Cache/Chat/c84b2d525e24d16e06aefd7201f1449a.php 第 405 行.
NOTIC: [8] Undefined index: good_createtime /Applications/MAMP/htdocs/erhuo/Application/Runtime/Cache/Chat/c84b2d525e24d16e06aefd7201f1449a.php 第 405 行.
NOTIC: [8] Undefined index: good_createtime /Applications/MAMP/htdocs/erhuo/Application/Runtime/Cache/Chat/c84b2d525e24d16e06aefd7201f1449a.php 第 405 行.
NOTIC: [8] Undefined index: good_createtime /Applications/MAMP/htdocs/erhuo/Application/Runtime/Cache/Chat/c84b2d525e24d16e06aefd7201f1449a.php 第 405 行.
INFO: Run Behavior\ParseTemplateBehavior [ RunTime:0.011885s ]
INFO: [ view_parse ] --END-- [ RunTime:0.011923s ]
INFO: [ view_filter ] --START--
INFO: Run Behavior\WriteHtmlCacheBehavior [ RunTime:0.000107s ]
INFO: [ view_filter ] --END-- [ RunTime:0.000139s ]
SQL: SELECT * FROM `category` WHERE `level` = 1  [ RunTime:0.0078s ]
SQL: SELECT * FROM `category` WHERE `level` = 2  [ RunTime:0.0076s ]
SQL: SELECT * FROM `category` WHERE `level` = 3  [ RunTime:0.0094s ]
INFO: [ app_end ] --START--
INFO: Run Behavior\ShowPageTraceBehavior [ RunTime:0.000421s ]
INFO: [ app_end ] --END-- [ RunTime:0.000463s ]

[ 2018-02-26T17:21:32+08:00 ] ::1 /erhuo/index.php/Chat
INFO: [ app_init ] --START--
INFO: Run Behavior\BuildLiteBehavior [ RunTime:0.000010s ]
INFO: [ app_init ] --END-- [ RunTime:0.000240s ]
INFO: [ app_begin ] --START--
INFO: Run Behavior\ReadHtmlCacheBehavior [ RunTime:0.000315s ]
INFO: [ app_begin ] --END-- [ RunTime:0.000355s ]
SQL: SHOW COLUMNS FROM `good` [ RunTime:0.0052s ]
SQL: SHOW COLUMNS FROM `category` [ RunTime:0.0074s ]
SQL: SELECT * FROM `good`  [ RunTime:0.0042s ]
INFO: [ view_parse ] --START--
INFO: [ template_filter ] --START--
INFO: Run Behavior\ContentReplaceBehavior [ RunTime:0.000062s ]
INFO: [ template_filter ] --END-- [ RunTime:0.000102s ]
NOTIC: [8] Undefined variable: third_category_list /Applications/MAMP/htdocs/erhuo/Application/Runtime/Cache/Chat/c84b2d525e24d16e06aefd7201f1449a.php 第 374 行.
NOTIC: [8] Undefined variable: second_category_list /Applications/MAMP/htdocs/erhuo/Application/Runtime/Cache/Chat/c84b2d525e24d16e06aefd7201f1449a.php 第 381 行.
NOTIC: [8] Undefined variable: first_category_list /Applications/MAMP/htdocs/erhuo/Application/Runtime/Cache/Chat/c84b2d525e24d16e06aefd7201f1449a.php 第 387 行.
NOTIC: [8] Undefined index: good_createtime /Applications/MAMP/htdocs/erhuo/Application/Runtime/Cache/Chat/c84b2d525e24d16e06aefd7201f1449a.php 第 405 行.
NOTIC: [8] Undefined index: good_createtime /Applications/MAMP/htdocs/erhuo/Application/Runtime/Cache/Chat/c84b2d525e24d16e06aefd7201f1449a.php 第 405 行.
NOTIC: [8] Undefined index: good_createtime /Applications/MAMP/htdocs/erhuo/Application/Runtime/Cache/Chat/c84b2d525e24d16e06aefd7201f1449a.php 第 405 行.
NOTIC: [8] Undefined index: good_createtime /Applications/MAMP/htdocs/erhuo/Application/Runtime/Cache/Chat/c84b2d525e24d16e06aefd7201f1449a.php 第 405 行.
NOTIC: [8] Undefined index: good_createtime /Applications/MAMP/htdocs/erhuo/Application/Runtime/Cache/Chat/c84b2d525e24d16e06aefd7201f1449a.php 第 405 行.
NOTIC: [8] Undefined index: good_createtime /Applications/MAMP/htdocs/erhuo/Application/Runtime/Cache/Chat/c84b2d525e24d16e06aefd7201f1449a.php 第 405 行.
INFO: Run Behavior\ParseTemplateBehavior [ RunTime:0.010988s ]
INFO: [ view_parse ] --END-- [ RunTime:0.011026s ]
INFO: [ view_filter ] --START--
INFO: Run Behavior\WriteHtmlCacheBehavior [ RunTime:0.000098s ]
INFO: [ view_filter ] --END-- [ RunTime:0.000130s ]
SQL: SELECT * FROM `category` WHERE `level` = 1  [ RunTime:0.0048s ]
SQL: SELECT * FROM `category` WHERE `level` = 2  [ RunTime:0.0038s ]
SQL: SELECT * FROM `category` WHERE `level` = 3  [ RunTime:0.0039s ]
INFO: [ app_end ] --START--
INFO: Run Behavior\ShowPageTraceBehavior [ RunTime:0.000409s ]
INFO: [ app_end ] --END-- [ RunTime:0.000449s ]

[ 2018-02-26T17:25:36+08:00 ] ::1 /erhuo/index.php/chat
INFO: [ app_init ] --START--
INFO: Run Behavior\BuildLiteBehavior [ RunTime:0.000013s ]
INFO: [ app_init ] --END-- [ RunTime:0.000413s ]
INFO: [ app_begin ] --START--
INFO: Run Behavior\ReadHtmlCacheBehavior [ RunTime:0.000474s ]
INFO: [ app_begin ] --END-- [ RunTime:0.000532s ]
SQL: SHOW COLUMNS FROM `good` [ RunTime:0.0051s ]
SQL: SHOW COLUMNS FROM `category` [ RunTime:0.0068s ]
SQL: SELECT * FROM `good`  [ RunTime:0.0081s ]
INFO: [ view_parse ] --START--
INFO: [ template_filter ] --START--
INFO: Run Behavior\ContentReplaceBehavior [ RunTime:0.000074s ]
INFO: [ template_filter ] --END-- [ RunTime:0.000119s ]
NOTIC: [8] Undefined variable: third_category_list /Applications/MAMP/htdocs/erhuo/Application/Runtime/Cache/Chat/c84b2d525e24d16e06aefd7201f1449a.php 第 374 行.
NOTIC: [8] Undefined variable: second_category_list /Applications/MAMP/htdocs/erhuo/Application/Runtime/Cache/Chat/c84b2d525e24d16e06aefd7201f1449a.php 第 381 行.
NOTIC: [8] Undefined variable: first_category_list /Applications/MAMP/htdocs/erhuo/Application/Runtime/Cache/Chat/c84b2d525e24d16e06aefd7201f1449a.php 第 387 行.
NOTIC: [8] Undefined index: good_createtime /Applications/MAMP/htdocs/erhuo/Application/Runtime/Cache/Chat/c84b2d525e24d16e06aefd7201f1449a.php 第 405 行.
NOTIC: [8] Undefined index: good_createtime /Applications/MAMP/htdocs/erhuo/Application/Runtime/Cache/Chat/c84b2d525e24d16e06aefd7201f1449a.php 第 405 行.
NOTIC: [8] Undefined index: good_createtime /Applications/MAMP/htdocs/erhuo/Application/Runtime/Cache/Chat/c84b2d525e24d16e06aefd7201f1449a.php 第 405 行.
NOTIC: [8] Undefined index: good_createtime /Applications/MAMP/htdocs/erhuo/Application/Runtime/Cache/Chat/c84b2d525e24d16e06aefd7201f1449a.php 第 405 行.
NOTIC: [8] Undefined index: good_createtime /Applications/MAMP/htdocs/erhuo/Application/Runtime/Cache/Chat/c84b2d525e24d16e06aefd7201f1449a.php 第 405 行.
NOTIC: [8] Undefined index: good_createtime /Applications/MAMP/htdocs/erhuo/Application/Runtime/Cache/Chat/c84b2d525e24d16e06aefd7201f1449a.php 第 405 行.
INFO: Run Behavior\ParseTemplateBehavior [ RunTime:0.011723s ]
INFO: [ view_parse ] --END-- [ RunTime:0.011765s ]
INFO: [ view_filter ] --START--
INFO: Run Behavior\WriteHtmlCacheBehavior [ RunTime:0.000103s ]
INFO: [ view_filter ] --END-- [ RunTime:0.000136s ]
SQL: SELECT * FROM `category` WHERE `level` = 1  [ RunTime:0.0080s ]
SQL: SELECT * FROM `category` WHERE `level` = 2  [ RunTime:0.0080s ]
SQL: SELECT * FROM `category` WHERE `level` = 3  [ RunTime:0.0081s ]
INFO: [ app_end ] --START--
INFO: Run Behavior\ShowPageTraceBehavior [ RunTime:0.000432s ]
INFO: [ app_end ] --END-- [ RunTime:0.000476s ]

[ 2018-02-26T17:25:39+08:00 ] ::1 /erhuo/index.php/Chat
INFO: [ app_init ] --START--
INFO: Run Behavior\BuildLiteBehavior [ RunTime:0.000010s ]
INFO: [ app_init ] --END-- [ RunTime:0.000241s ]
INFO: [ app_begin ] --START--
INFO: Run Behavior\ReadHtmlCacheBehavior [ RunTime:0.000317s ]
INFO: [ app_begin ] --END-- [ RunTime:0.000357s ]
SQL: SHOW COLUMNS FROM `good` [ RunTime:0.0052s ]
SQL: SHOW COLUMNS FROM `category` [ RunTime:0.0074s ]
SQL: SELECT * FROM `good`  [ RunTime:0.0081s ]
INFO: [ view_parse ] --START--
INFO: [ template_filter ] --START--
INFO: Run Behavior\ContentReplaceBehavior [ RunTime:0.000064s ]
INFO: [ template_filter ] --END-- [ RunTime:0.000106s ]
NOTIC: [8] Undefined variable: third_category_list /Applications/MAMP/htdocs/erhuo/Application/Runtime/Cache/Chat/c84b2d525e24d16e06aefd7201f1449a.php 第 374 行.
NOTIC: [8] Undefined variable: second_category_list /Applications/MAMP/htdocs/erhuo/Application/Runtime/Cache/Chat/c84b2d525e24d16e06aefd7201f1449a.php 第 381 行.
NOTIC: [8] Undefined variable: first_category_list /Applications/MAMP/htdocs/erhuo/Application/Runtime/Cache/Chat/c84b2d525e24d16e06aefd7201f1449a.php 第 387 行.
NOTIC: [8] Undefined index: good_createtime /Applications/MAMP/htdocs/erhuo/Application/Runtime/Cache/Chat/c84b2d525e24d16e06aefd7201f1449a.php 第 405 行.
NOTIC: [8] Undefined index: good_createtime /Applications/MAMP/htdocs/erhuo/Application/Runtime/Cache/Chat/c84b2d525e24d16e06aefd7201f1449a.php 第 405 行.
NOTIC: [8] Undefined index: good_createtime /Applications/MAMP/htdocs/erhuo/Application/Runtime/Cache/Chat/c84b2d525e24d16e06aefd7201f1449a.php 第 405 行.
NOTIC: [8] Undefined index: good_createtime /Applications/MAMP/htdocs/erhuo/Application/Runtime/Cache/Chat/c84b2d525e24d16e06aefd7201f1449a.php 第 405 行.
NOTIC: [8] Undefined index: good_createtime /Applications/MAMP/htdocs/erhuo/Application/Runtime/Cache/Chat/c84b2d525e24d16e06aefd7201f1449a.php 第 405 行.
NOTIC: [8] Undefined index: good_createtime /Applications/MAMP/htdocs/erhuo/Application/Runtime/Cache/Chat/c84b2d525e24d16e06aefd7201f1449a.php 第 405 行.
INFO: Run Behavior\ParseTemplateBehavior [ RunTime:0.011312s ]
INFO: [ view_parse ] --END-- [ RunTime:0.011354s ]
INFO: [ view_filter ] --START--
INFO: Run Behavior\WriteHtmlCacheBehavior [ RunTime:0.000108s ]
INFO: [ view_filter ] --END-- [ RunTime:0.000141s ]
SQL: SELECT * FROM `category` WHERE `level` = 1  [ RunTime:0.0083s ]
SQL: SELECT * FROM `category` WHERE `level` = 2  [ RunTime:0.0042s ]
SQL: SELECT * FROM `category` WHERE `level` = 3  [ RunTime:0.0042s ]
INFO: [ app_end ] --START--
INFO: Run Behavior\ShowPageTraceBehavior [ RunTime:0.000424s ]
INFO: [ app_end ] --END-- [ RunTime:0.000464s ]

[ 2018-02-26T17:26:28+08:00 ] ::1 /erhuo/index.php/Chat
INFO: [ app_init ] --START--
INFO: Run Behavior\BuildLiteBehavior [ RunTime:0.000015s ]
INFO: [ app_init ] --END-- [ RunTime:0.000348s ]
INFO: [ app_begin ] --START--
INFO: Run Behavior\ReadHtmlCacheBehavior [ RunTime:0.000378s ]
INFO: [ app_begin ] --END-- [ RunTime:0.000423s ]
SQL: SHOW COLUMNS FROM `good` [ RunTime:0.0090s ]
SQL: SHOW COLUMNS FROM `category` [ RunTime:0.0072s ]
SQL: SELECT * FROM `good`  [ RunTime:0.0080s ]
INFO: [ view_parse ] --START--
INFO: [ template_filter ] --START--
INFO: Run Behavior\ContentReplaceBehavior [ RunTime:0.000100s ]
INFO: [ template_filter ] --END-- [ RunTime:0.000150s ]
NOTIC: [8] Undefined variable: third_category_list /Applications/MAMP/htdocs/erhuo/Application/Runtime/Cache/Chat/c84b2d525e24d16e06aefd7201f1449a.php 第 374 行.
NOTIC: [8] Undefined variable: second_category_list /Applications/MAMP/htdocs/erhuo/Application/Runtime/Cache/Chat/c84b2d525e24d16e06aefd7201f1449a.php 第 381 行.
NOTIC: [8] Undefined variable: first_category_list /Applications/MAMP/htdocs/erhuo/Application/Runtime/Cache/Chat/c84b2d525e24d16e06aefd7201f1449a.php 第 387 行.
NOTIC: [8] Undefined index: good_createtime /Applications/MAMP/htdocs/erhuo/Application/Runtime/Cache/Chat/c84b2d525e24d16e06aefd7201f1449a.php 第 405 行.
NOTIC: [8] Undefined index: good_createtime /Applications/MAMP/htdocs/erhuo/Application/Runtime/Cache/Chat/c84b2d525e24d16e06aefd7201f1449a.php 第 405 行.
NOTIC: [8] Undefined index: good_createtime /Applications/MAMP/htdocs/erhuo/Application/Runtime/Cache/Chat/c84b2d525e24d16e06aefd7201f1449a.php 第 405 行.
NOTIC: [8] Undefined index: good_createtime /Applications/MAMP/htdocs/erhuo/Application/Runtime/Cache/Chat/c84b2d525e24d16e06aefd7201f1449a.php 第 405 行.
NOTIC: [8] Undefined index: good_createtime /Applications/MAMP/htdocs/erhuo/Application/Runtime/Cache/Chat/c84b2d525e24d16e06aefd7201f1449a.php 第 405 行.
NOTIC: [8] Undefined index: good_createtime /Applications/MAMP/htdocs/erhuo/Application/Runtime/Cache/Chat/c84b2d525e24d16e06aefd7201f1449a.php 第 405 行.
INFO: Run Behavior\ParseTemplateBehavior [ RunTime:0.012111s ]
INFO: [ view_parse ] --END-- [ RunTime:0.012153s ]
INFO: [ view_filter ] --START--
INFO: Run Behavior\WriteHtmlCacheBehavior [ RunTime:0.000107s ]
INFO: [ view_filter ] --END-- [ RunTime:0.000140s ]
SQL: SELECT * FROM `category` WHERE `level` = 1  [ RunTime:0.0072s ]
SQL: SELECT * FROM `category` WHERE `level` = 2  [ RunTime:0.0076s ]
SQL: SELECT * FROM `category` WHERE `level` = 3  [ RunTime:0.0079s ]
INFO: [ app_end ] --START--
INFO: Run Behavior\ShowPageTraceBehavior [ RunTime:0.000488s ]
INFO: [ app_end ] --END-- [ RunTime:0.000542s ]

[ 2018-02-26T17:31:52+08:00 ] ::1 /erhuo/index.php/Chat
INFO: [ app_init ] --START--
INFO: Run Behavior\BuildLiteBehavior [ RunTime:0.000011s ]
INFO: [ app_init ] --END-- [ RunTime:0.000282s ]
INFO: [ app_begin ] --START--
INFO: Run Behavior\ReadHtmlCacheBehavior [ RunTime:0.000383s ]
INFO: [ app_begin ] --END-- [ RunTime:0.000433s ]
SQL: SHOW COLUMNS FROM `good` [ RunTime:0.0091s ]
SQL: SHOW COLUMNS FROM `category` [ RunTime:0.0075s ]
SQL: SELECT * FROM `good`  [ RunTime:0.0077s ]
INFO: [ view_parse ] --START--
INFO: [ template_filter ] --START--
INFO: Run Behavior\ContentReplaceBehavior [ RunTime:0.000068s ]
INFO: [ template_filter ] --END-- [ RunTime:0.000118s ]
NOTIC: [8] Undefined variable: third_category_list /Applications/MAMP/htdocs/erhuo/Application/Runtime/Cache/Chat/c84b2d525e24d16e06aefd7201f1449a.php 第 374 行.
NOTIC: [8] Undefined variable: second_category_list /Applications/MAMP/htdocs/erhuo/Application/Runtime/Cache/Chat/c84b2d525e24d16e06aefd7201f1449a.php 第 381 行.
NOTIC: [8] Undefined variable: first_category_list /Applications/MAMP/htdocs/erhuo/Application/Runtime/Cache/Chat/c84b2d525e24d16e06aefd7201f1449a.php 第 387 行.
NOTIC: [8] Undefined index: good_createtime /Applications/MAMP/htdocs/erhuo/Application/Runtime/Cache/Chat/c84b2d525e24d16e06aefd7201f1449a.php 第 405 行.
NOTIC: [8] Undefined index: good_createtime /Applications/MAMP/htdocs/erhuo/Application/Runtime/Cache/Chat/c84b2d525e24d16e06aefd7201f1449a.php 第 405 行.
NOTIC: [8] Undefined index: good_createtime /Applications/MAMP/htdocs/erhuo/Application/Runtime/Cache/Chat/c84b2d525e24d16e06aefd7201f1449a.php 第 405 行.
NOTIC: [8] Undefined index: good_createtime /Applications/MAMP/htdocs/erhuo/Application/Runtime/Cache/Chat/c84b2d525e24d16e06aefd7201f1449a.php 第 405 行.
NOTIC: [8] Undefined index: good_createtime /Applications/MAMP/htdocs/erhuo/Application/Runtime/Cache/Chat/c84b2d525e24d16e06aefd7201f1449a.php 第 405 行.
NOTIC: [8] Undefined index: good_createtime /Applications/MAMP/htdocs/erhuo/Application/Runtime/Cache/Chat/c84b2d525e24d16e06aefd7201f1449a.php 第 405 行.
INFO: Run Behavior\ParseTemplateBehavior [ RunTime:0.012909s ]
INFO: [ view_parse ] --END-- [ RunTime:0.012950s ]
INFO: [ view_filter ] --START--
INFO: Run Behavior\WriteHtmlCacheBehavior [ RunTime:0.000110s ]
INFO: [ view_filter ] --END-- [ RunTime:0.000144s ]
SQL: SELECT * FROM `category` WHERE `level` = 1  [ RunTime:0.0067s ]
SQL: SELECT * FROM `category` WHERE `level` = 2  [ RunTime:0.0076s ]
SQL: SELECT * FROM `category` WHERE `level` = 3  [ RunTime:0.0084s ]
INFO: [ app_end ] --START--
INFO: Run Behavior\ShowPageTraceBehavior [ RunTime:0.000424s ]
INFO: [ app_end ] --END-- [ RunTime:0.000472s ]

[ 2018-02-26T17:32:44+08:00 ] ::1 /erhuo/index.php/Chat
INFO: [ app_init ] --START--
INFO: Run Behavior\BuildLiteBehavior [ RunTime:0.000010s ]
INFO: [ app_init ] --END-- [ RunTime:0.000241s ]
INFO: [ app_begin ] --START--
INFO: Run Behavior\ReadHtmlCacheBehavior [ RunTime:0.000314s ]
INFO: [ app_begin ] --END-- [ RunTime:0.000355s ]
SQL: SHOW COLUMNS FROM `good` [ RunTime:0.0053s ]
SQL: SHOW COLUMNS FROM `category` [ RunTime:0.0073s ]
SQL: SELECT * FROM `good`  [ RunTime:0.0079s ]
INFO: [ view_parse ] --START--
INFO: [ template_filter ] --START--
INFO: Run Behavior\ContentReplaceBehavior [ RunTime:0.000068s ]
INFO: [ template_filter ] --END-- [ RunTime:0.000120s ]
NOTIC: [8] Undefined variable: third_category_list /Applications/MAMP/htdocs/erhuo/Application/Runtime/Cache/Chat/c84b2d525e24d16e06aefd7201f1449a.php 第 374 行.
NOTIC: [8] Undefined variable: second_category_list /Applications/MAMP/htdocs/erhuo/Application/Runtime/Cache/Chat/c84b2d525e24d16e06aefd7201f1449a.php 第 381 行.
NOTIC: [8] Undefined variable: first_category_list /Applications/MAMP/htdocs/erhuo/Application/Runtime/Cache/Chat/c84b2d525e24d16e06aefd7201f1449a.php 第 387 行.
NOTIC: [8] Undefined index: good_createtime /Applications/MAMP/htdocs/erhuo/Application/Runtime/Cache/Chat/c84b2d525e24d16e06aefd7201f1449a.php 第 405 行.
NOTIC: [8] Undefined index: good_createtime /Applications/MAMP/htdocs/erhuo/Application/Runtime/Cache/Chat/c84b2d525e24d16e06aefd7201f1449a.php 第 405 行.
NOTIC: [8] Undefined index: good_createtime /Applications/MAMP/htdocs/erhuo/Application/Runtime/Cache/Chat/c84b2d525e24d16e06aefd7201f1449a.php 第 405 行.
NOTIC: [8] Undefined index: good_createtime /Applications/MAMP/htdocs/erhuo/Application/Runtime/Cache/Chat/c84b2d525e24d16e06aefd7201f1449a.php 第 405 行.
NOTIC: [8] Undefined index: good_createtime /Applications/MAMP/htdocs/erhuo/Application/Runtime/Cache/Chat/c84b2d525e24d16e06aefd7201f1449a.php 第 405 行.
NOTIC: [8] Undefined index: good_createtime /Applications/MAMP/htdocs/erhuo/Application/Runtime/Cache/Chat/c84b2d525e24d16e06aefd7201f1449a.php 第 405 行.
INFO: Run Behavior\ParseTemplateBehavior [ RunTime:0.012346s ]
INFO: [ view_parse ] --END-- [ RunTime:0.012387s ]
INFO: [ view_filter ] --START--
INFO: Run Behavior\WriteHtmlCacheBehavior [ RunTime:0.000111s ]
INFO: [ view_filter ] --END-- [ RunTime:0.000145s ]
SQL: SELECT * FROM `category` WHERE `level` = 1  [ RunTime:0.0071s ]
SQL: SELECT * FROM `category` WHERE `level` = 2  [ RunTime:0.0079s ]
SQL: SELECT * FROM `category` WHERE `level` = 3  [ RunTime:0.0082s ]
INFO: [ app_end ] --START--
INFO: Run Behavior\ShowPageTraceBehavior [ RunTime:0.000426s ]
INFO: [ app_end ] --END-- [ RunTime:0.000471s ]

[ 2018-02-26T17:37:41+08:00 ] ::1 /erhuo/index.php/Chat
INFO: [ app_init ] --START--
INFO: Run Behavior\BuildLiteBehavior [ RunTime:0.000027s ]
INFO: [ app_init ] --END-- [ RunTime:0.000446s ]
INFO: [ app_begin ] --START--
INFO: Run Behavior\ReadHtmlCacheBehavior [ RunTime:0.000429s ]
INFO: [ app_begin ] --END-- [ RunTime:0.000480s ]
SQL: SHOW COLUMNS FROM `good` [ RunTime:0.0051s ]
SQL: SHOW COLUMNS FROM `category` [ RunTime:0.0071s ]
SQL: SELECT * FROM `good`  [ RunTime:0.0098s ]
INFO: [ view_parse ] --START--
INFO: [ template_filter ] --START--
INFO: Run Behavior\ContentReplaceBehavior [ RunTime:0.000088s ]
INFO: [ template_filter ] --END-- [ RunTime:0.000135s ]
NOTIC: [8] Undefined variable: third_category_list /Applications/MAMP/htdocs/erhuo/Application/Runtime/Cache/Chat/c84b2d525e24d16e06aefd7201f1449a.php 第 374 行.
NOTIC: [8] Undefined variable: second_category_list /Applications/MAMP/htdocs/erhuo/Application/Runtime/Cache/Chat/c84b2d525e24d16e06aefd7201f1449a.php 第 381 行.
NOTIC: [8] Undefined variable: first_category_list /Applications/MAMP/htdocs/erhuo/Application/Runtime/Cache/Chat/c84b2d525e24d16e06aefd7201f1449a.php 第 387 行.
NOTIC: [8] Undefined index: good_createtime /Applications/MAMP/htdocs/erhuo/Application/Runtime/Cache/Chat/c84b2d525e24d16e06aefd7201f1449a.php 第 405 行.
NOTIC: [8] Undefined index: good_createtime /Applications/MAMP/htdocs/erhuo/Application/Runtime/Cache/Chat/c84b2d525e24d16e06aefd7201f1449a.php 第 405 行.
NOTIC: [8] Undefined index: good_createtime /Applications/MAMP/htdocs/erhuo/Application/Runtime/Cache/Chat/c84b2d525e24d16e06aefd7201f1449a.php 第 405 行.
NOTIC: [8] Undefined index: good_createtime /Applications/MAMP/htdocs/erhuo/Application/Runtime/Cache/Chat/c84b2d525e24d16e06aefd7201f1449a.php 第 405 行.
NOTIC: [8] Undefined index: good_createtime /Applications/MAMP/htdocs/erhuo/Application/Runtime/Cache/Chat/c84b2d525e24d16e06aefd7201f1449a.php 第 405 行.
NOTIC: [8] Undefined index: good_createtime /Applications/MAMP/htdocs/erhuo/Application/Runtime/Cache/Chat/c84b2d525e24d16e06aefd7201f1449a.php 第 405 行.
INFO: Run Behavior\ParseTemplateBehavior [ RunTime:0.012695s ]
INFO: [ view_parse ] --END-- [ RunTime:0.012745s ]
INFO: [ view_filter ] --START--
INFO: Run Behavior\WriteHtmlCacheBehavior [ RunTime:0.000111s ]
INFO: [ view_filter ] --END-- [ RunTime:0.000146s ]
SQL: SELECT * FROM `category` WHERE `level` = 1  [ RunTime:0.0056s ]
SQL: SELECT * FROM `category` WHERE `level` = 2  [ RunTime:0.0077s ]
SQL: SELECT * FROM `category` WHERE `level` = 3  [ RunTime:0.0044s ]
INFO: [ app_end ] --START--
INFO: Run Behavior\ShowPageTraceBehavior [ RunTime:0.000472s ]
INFO: [ app_end ] --END-- [ RunTime:0.000512s ]

[ 2018-02-26T17:37:43+08:00 ] ::1 /erhuo/index.php/Chat
INFO: [ app_init ] --START--
INFO: Run Behavior\BuildLiteBehavior [ RunTime:0.000010s ]
INFO: [ app_init ] --END-- [ RunTime:0.000241s ]
INFO: [ app_begin ] --START--
INFO: Run Behavior\ReadHtmlCacheBehavior [ RunTime:0.000314s ]
INFO: [ app_begin ] --END-- [ RunTime:0.000354s ]
SQL: SHOW COLUMNS FROM `good` [ RunTime:0.0045s ]
SQL: SHOW COLUMNS FROM `category` [ RunTime:0.0080s ]
SQL: SELECT * FROM `good`  [ RunTime:0.0072s ]
INFO: [ view_parse ] --START--
INFO: [ template_filter ] --START--
INFO: Run Behavior\ContentReplaceBehavior [ RunTime:0.000066s ]
INFO: [ template_filter ] --END-- [ RunTime:0.000110s ]
NOTIC: [8] Undefined variable: third_category_list /Applications/MAMP/htdocs/erhuo/Application/Runtime/Cache/Chat/c84b2d525e24d16e06aefd7201f1449a.php 第 374 行.
NOTIC: [8] Undefined variable: second_category_list /Applications/MAMP/htdocs/erhuo/Application/Runtime/Cache/Chat/c84b2d525e24d16e06aefd7201f1449a.php 第 381 行.
NOTIC: [8] Undefined variable: first_category_list /Applications/MAMP/htdocs/erhuo/Application/Runtime/Cache/Chat/c84b2d525e24d16e06aefd7201f1449a.php 第 387 行.
NOTIC: [8] Undefined index: good_createtime /Applications/MAMP/htdocs/erhuo/Application/Runtime/Cache/Chat/c84b2d525e24d16e06aefd7201f1449a.php 第 405 行.
NOTIC: [8] Undefined index: good_createtime /Applications/MAMP/htdocs/erhuo/Application/Runtime/Cache/Chat/c84b2d525e24d16e06aefd7201f1449a.php 第 405 行.
NOTIC: [8] Undefined index: good_createtime /Applications/MAMP/htdocs/erhuo/Application/Runtime/Cache/Chat/c84b2d525e24d16e06aefd7201f1449a.php 第 405 行.
NOTIC: [8] Undefined index: good_createtime /Applications/MAMP/htdocs/erhuo/Application/Runtime/Cache/Chat/c84b2d525e24d16e06aefd7201f1449a.php 第 405 行.
NOTIC: [8] Undefined index: good_createtime /Applications/MAMP/htdocs/erhuo/Application/Runtime/Cache/Chat/c84b2d525e24d16e06aefd7201f1449a.php 第 405 行.
NOTIC: [8] Undefined index: good_createtime /Applications/MAMP/htdocs/erhuo/Application/Runtime/Cache/Chat/c84b2d525e24d16e06aefd7201f1449a.php 第 405 行.
INFO: Run Behavior\ParseTemplateBehavior [ RunTime:0.011274s ]
INFO: [ view_parse ] --END-- [ RunTime:0.011311s ]
INFO: [ view_filter ] --START--
INFO: Run Behavior\WriteHtmlCacheBehavior [ RunTime:0.000100s ]
INFO: [ view_filter ] --END-- [ RunTime:0.000133s ]
SQL: SELECT * FROM `category` WHERE `level` = 1  [ RunTime:0.0042s ]
SQL: SELECT * FROM `category` WHERE `level` = 2  [ RunTime:0.0040s ]
SQL: SELECT * FROM `category` WHERE `level` = 3  [ RunTime:0.0042s ]
INFO: [ app_end ] --START--
INFO: Run Behavior\ShowPageTraceBehavior [ RunTime:0.000420s ]
INFO: [ app_end ] --END-- [ RunTime:0.000466s ]

[ 2018-02-26T17:48:54+08:00 ] ::1 /erhuo/index.php/Chat
INFO: [ app_init ] --START--
INFO: Run Behavior\BuildLiteBehavior [ RunTime:0.000015s ]
INFO: [ app_init ] --END-- [ RunTime:0.000388s ]
INFO: [ app_begin ] --START--
INFO: Run Behavior\ReadHtmlCacheBehavior [ RunTime:0.000537s ]
INFO: [ app_begin ] --END-- [ RunTime:0.000613s ]
ERR: SQLSTATE[HY000] [1049] Unknown database 'erhuo'

