[ 2017-12-29T22:26:30+08:00 ] 127.0.0.1 /erhuo/index.php/CSS_URLmain.css
INFO: [ app_init ] --START--
INFO: Run Behavior\BuildLiteBehavior [ RunTime:0.000020s ]
INFO: [ app_init ] --END-- [ RunTime:0.000449s ]
ERR: 无法加载模块:CSS_URLmain

[ 2017-12-29T22:26:30+08:00 ] 127.0.0.1 /erhuo/index.php/CSS_URLjquery-ui.min.css
INFO: [ app_init ] --START--
INFO: Run Behavior\BuildLiteBehavior [ RunTime:0.000018s ]
INFO: [ app_init ] --END-- [ RunTime:0.000265s ]
ERR: 无法加载模块:CSS_URLjquery-ui.min

[ 2017-12-29T22:26:30+08:00 ] 127.0.0.1 /erhuo/index.php/CSS_URLfont-awesome.min.css
INFO: [ app_init ] --START--
INFO: Run Behavior\BuildLiteBehavior [ RunTime:0.000017s ]
INFO: [ app_init ] --END-- [ RunTime:0.000273s ]
ERR: 无法加载模块:CSS_URLfont-awesome.min

[ 2017-12-29T22:26:30+08:00 ] 127.0.0.1 /erhuo/index.php/CSS_URLjquery-ui/jquery-ui.min.js
INFO: [ app_init ] --START--
INFO: Run Behavior\BuildLiteBehavior [ RunTime:0.000017s ]
INFO: [ app_init ] --END-- [ RunTime:0.000256s ]
ERR: 无法加载模块:CSS_URLjquery-ui

[ 2017-12-29T22:26:30+08:00 ] 127.0.0.1 /erhuo/index.php/CSS_URLjquery.cookie.js
INFO: [ app_init ] --START--
INFO: Run Behavior\BuildLiteBehavior [ RunTime:0.000017s ]
INFO: [ app_init ] --END-- [ RunTime:0.000259s ]
ERR: 无法加载模块:CSS_URLjquery.cookie

[ 2017-12-29T22:26:30+08:00 ] 127.0.0.1 /erhuo/index.php/ADMIN_JS_URLadmin.js
INFO: [ app_init ] --START--
INFO: Run Behavior\BuildLiteBehavior [ RunTime:0.000016s ]
INFO: [ app_init ] --END-- [ RunTime:0.000265s ]
ERR: 无法加载模块:ADMIN_JS_URLadmin

[ 2017-12-29T22:26:30+08:00 ] 127.0.0.1 /erhuo/index.php/CSS_URLjquery.validation.min.js
INFO: [ app_init ] --START--
INFO: Run Behavior\BuildLiteBehavior [ RunTime:0.000017s ]
INFO: [ app_init ] --END-- [ RunTime:0.000254s ]
ERR: 无法加载模块:CSS_URLjquery.validation.min

[ 2017-12-29T22:26:34+08:00 ] 127.0.0.1 /erhuo/index.php/CSS_URLmain.css
INFO: [ app_init ] --START--
INFO: Run Behavior\BuildLiteBehavior [ RunTime:0.000019s ]
INFO: [ app_init ] --END-- [ RunTime:0.000334s ]
ERR: 无法加载模块:CSS_URLmain

[ 2017-12-29T22:26:34+08:00 ] 127.0.0.1 /erhuo/index.php/CSS_URLjquery-ui.min.css
INFO: [ app_init ] --START--
INFO: Run Behavior\BuildLiteBehavior [ RunTime:0.000033s ]
INFO: [ app_init ] --END-- [ RunTime:0.000459s ]
ERR: 无法加载模块:CSS_URLjquery-ui.min

[ 2017-12-29T22:26:34+08:00 ] 127.0.0.1 /erhuo/index.php/CSS_URLfont-awesome.min.css
INFO: [ app_init ] --START--
INFO: Run Behavior\BuildLiteBehavior [ RunTime:0.000017s ]
INFO: [ app_init ] --END-- [ RunTime:0.000260s ]
ERR: 无法加载模块:CSS_URLfont-awesome.min

[ 2017-12-29T22:26:34+08:00 ] 127.0.0.1 /erhuo/index.php/CSS_URLjquery-ui/jquery-ui.min.js
INFO: [ app_init ] --START--
INFO: Run Behavior\BuildLiteBehavior [ RunTime:0.000018s ]
INFO: [ app_init ] --END-- [ RunTime:0.000266s ]
ERR: 无法加载模块:CSS_URLjquery-ui

[ 2017-12-29T22:26:34+08:00 ] 127.0.0.1 /erhuo/index.php/CSS_URLjquery.cookie.js
INFO: [ app_init ] --START--
INFO: Run Behavior\BuildLiteBehavior [ RunTime:0.000018s ]
INFO: [ app_init ] --END-- [ RunTime:0.000273s ]
ERR: 无法加载模块:CSS_URLjquery.cookie

[ 2017-12-29T22:26:34+08:00 ] 127.0.0.1 /erhuo/index.php/ADMIN_JS_URLadmin.js
INFO: [ app_init ] --START--
INFO: Run Behavior\BuildLiteBehavior [ RunTime:0.000017s ]
INFO: [ app_init ] --END-- [ RunTime:0.000257s ]
ERR: 无法加载模块:ADMIN_JS_URLadmin

[ 2017-12-29T22:26:34+08:00 ] 127.0.0.1 /erhuo/index.php/CSS_URLjquery.validation.min.js
INFO: [ app_init ] --START--
INFO: Run Behavior\BuildLiteBehavior [ RunTime:0.000017s ]
INFO: [ app_init ] --END-- [ RunTime:0.000261s ]
ERR: 无法加载模块:CSS_URLjquery.validation.min

[ 2017-12-29T22:26:37+08:00 ] 127.0.0.1 /erhuo/index.php/CSS_URLmain.css
INFO: [ app_init ] --START--
INFO: Run Behavior\BuildLiteBehavior [ RunTime:0.000023s ]
INFO: [ app_init ] --END-- [ RunTime:0.000391s ]
ERR: 无法加载模块:CSS_URLmain

[ 2017-12-29T22:26:37+08:00 ] 127.0.0.1 /erhuo/index.php/CSS_URLjquery-ui.min.css
INFO: [ app_init ] --START--
INFO: Run Behavior\BuildLiteBehavior [ RunTime:0.000019s ]
INFO: [ app_init ] --END-- [ RunTime:0.000273s ]
ERR: 无法加载模块:CSS_URLjquery-ui.min

[ 2017-12-29T22:26:37+08:00 ] 127.0.0.1 /erhuo/index.php/CSS_URLfont-awesome.min.css
INFO: [ app_init ] --START--
INFO: Run Behavior\BuildLiteBehavior [ RunTime:0.000020s ]
INFO: [ app_init ] --END-- [ RunTime:0.000332s ]
ERR: 无法加载模块:CSS_URLfont-awesome.min

[ 2017-12-29T22:26:37+08:00 ] 127.0.0.1 /erhuo/index.php/CSS_URLjquery-ui/jquery-ui.min.js
INFO: [ app_init ] --START--
INFO: Run Behavior\BuildLiteBehavior [ RunTime:0.000017s ]
INFO: [ app_init ] --END-- [ RunTime:0.000257s ]
ERR: 无法加载模块:CSS_URLjquery-ui

[ 2017-12-29T22:26:37+08:00 ] 127.0.0.1 /erhuo/index.php/CSS_URLjquery.cookie.js
INFO: [ app_init ] --START--
INFO: Run Behavior\BuildLiteBehavior [ RunTime:0.000025s ]
INFO: [ app_init ] --END-- [ RunTime:0.000271s ]
ERR: 无法加载模块:CSS_URLjquery.cookie

[ 2017-12-29T22:26:37+08:00 ] 127.0.0.1 /erhuo/index.php/ADMIN_JS_URLadmin.js
INFO: [ app_init ] --START--
INFO: Run Behavior\BuildLiteBehavior [ RunTime:0.000018s ]
INFO: [ app_init ] --END-- [ RunTime:0.000360s ]
ERR: 无法加载模块:ADMIN_JS_URLadmin

[ 2017-12-29T22:26:37+08:00 ] 127.0.0.1 /erhuo/index.php/CSS_URLjquery.validation.min.js
INFO: [ app_init ] --START--
INFO: Run Behavior\BuildLiteBehavior [ RunTime:0.000017s ]
INFO: [ app_init ] --END-- [ RunTime:0.000261s ]
ERR: 无法加载模块:CSS_URLjquery.validation.min

[ 2017-12-29T22:27:30+08:00 ] 127.0.0.1 /erhuo/index.php/CSS_URLmain.css
INFO: [ app_init ] --START--
INFO: Run Behavior\BuildLiteBehavior [ RunTime:0.000018s ]
INFO: [ app_init ] --END-- [ RunTime:0.000289s ]
ERR: 无法加载模块:CSS_URLmain

[ 2017-12-29T22:27:30+08:00 ] 127.0.0.1 /erhuo/index.php/CSS_URLjquery-ui.min.css
INFO: [ app_init ] --START--
INFO: Run Behavior\BuildLiteBehavior [ RunTime:0.000019s ]
INFO: [ app_init ] --END-- [ RunTime:0.000499s ]
ERR: 无法加载模块:CSS_URLjquery-ui.min

[ 2017-12-29T22:27:30+08:00 ] 127.0.0.1 /erhuo/index.php/CSS_URLfont-awesome.min.css
INFO: [ app_init ] --START--
INFO: Run Behavior\BuildLiteBehavior [ RunTime:0.000020s ]
INFO: [ app_init ] --END-- [ RunTime:0.000288s ]
ERR: 无法加载模块:CSS_URLfont-awesome.min

[ 2017-12-29T22:27:30+08:00 ] 127.0.0.1 /erhuo/index.php/CSS_URLjquery-ui/jquery-ui.min.js
INFO: [ app_init ] --START--
INFO: Run Behavior\BuildLiteBehavior [ RunTime:0.000018s ]
INFO: [ app_init ] --END-- [ RunTime:0.000310s ]
ERR: 无法加载模块:CSS_URLjquery-ui

[ 2017-12-29T22:27:30+08:00 ] 127.0.0.1 /erhuo/index.php/CSS_URLjquery.cookie.js
INFO: [ app_init ] --START--
INFO: Run Behavior\BuildLiteBehavior [ RunTime:0.000018s ]
INFO: [ app_init ] --END-- [ RunTime:0.000267s ]
ERR: 无法加载模块:CSS_URLjquery.cookie

[ 2017-12-29T22:27:30+08:00 ] 127.0.0.1 /erhuo/index.php/ADMIN_JS_URLadmin.js
INFO: [ app_init ] --START--
INFO: Run Behavior\BuildLiteBehavior [ RunTime:0.000017s ]
INFO: [ app_init ] --END-- [ RunTime:0.000285s ]
ERR: 无法加载模块:ADMIN_JS_URLadmin

[ 2017-12-29T22:27:30+08:00 ] 127.0.0.1 /erhuo/index.php/CSS_URLjquery.validation.min.js
INFO: [ app_init ] --START--
INFO: Run Behavior\BuildLiteBehavior [ RunTime:0.000017s ]
INFO: [ app_init ] --END-- [ RunTime:0.000263s ]
ERR: 无法加载模块:CSS_URLjquery.validation.min

[ 2017-12-29T22:27:31+08:00 ] 127.0.0.1 /erhuo/index.php/CSS_URLmain.css
INFO: [ app_init ] --START--
INFO: Run Behavior\BuildLiteBehavior [ RunTime:0.000035s ]
INFO: [ app_init ] --END-- [ RunTime:0.000404s ]
ERR: 无法加载模块:CSS_URLmain

[ 2017-12-29T22:27:31+08:00 ] 127.0.0.1 /erhuo/index.php/CSS_URLjquery-ui.min.css
INFO: [ app_init ] --START--
INFO: Run Behavior\BuildLiteBehavior [ RunTime:0.000017s ]
INFO: [ app_init ] --END-- [ RunTime:0.000263s ]
ERR: 无法加载模块:CSS_URLjquery-ui.min

[ 2017-12-29T22:27:31+08:00 ] 127.0.0.1 /erhuo/index.php/CSS_URLfont-awesome.min.css
INFO: [ app_init ] --START--
INFO: Run Behavior\BuildLiteBehavior [ RunTime:0.000018s ]
INFO: [ app_init ] --END-- [ RunTime:0.000262s ]
ERR: 无法加载模块:CSS_URLfont-awesome.min

[ 2017-12-29T22:27:31+08:00 ] 127.0.0.1 /erhuo/index.php/CSS_URLjquery-ui/jquery-ui.min.js
INFO: [ app_init ] --START--
INFO: Run Behavior\BuildLiteBehavior [ RunTime:0.000017s ]
INFO: [ app_init ] --END-- [ RunTime:0.000259s ]
ERR: 无法加载模块:CSS_URLjquery-ui

[ 2017-12-29T22:27:31+08:00 ] 127.0.0.1 /erhuo/index.php/ADMIN_JS_URLadmin.js
INFO: [ app_init ] --START--
INFO: Run Behavior\BuildLiteBehavior [ RunTime:0.000018s ]
INFO: [ app_init ] --END-- [ RunTime:0.000281s ]
ERR: 无法加载模块:ADMIN_JS_URLadmin

[ 2017-12-29T22:27:31+08:00 ] 127.0.0.1 /erhuo/index.php/CSS_URLjquery.cookie.js
INFO: [ app_init ] --START--
INFO: Run Behavior\BuildLiteBehavior [ RunTime:0.000017s ]
INFO: [ app_init ] --END-- [ RunTime:0.000258s ]
ERR: 无法加载模块:CSS_URLjquery.cookie

[ 2017-12-29T22:27:31+08:00 ] 127.0.0.1 /erhuo/index.php/CSS_URLjquery.validation.min.js
INFO: [ app_init ] --START--
INFO: Run Behavior\BuildLiteBehavior [ RunTime:0.000019s ]
INFO: [ app_init ] --END-- [ RunTime:0.000313s ]
ERR: 无法加载模块:CSS_URLjquery.validation.min

[ 2017-12-29T22:27:31+08:00 ] 127.0.0.1 /erhuo/index.php/ADMIN_JS_URLadmin.js
INFO: [ app_init ] --START--
INFO: Run Behavior\BuildLiteBehavior [ RunTime:0.000018s ]
INFO: [ app_init ] --END-- [ RunTime:0.000287s ]
ERR: 无法加载模块:ADMIN_JS_URLadmin

[ 2017-12-29T22:27:31+08:00 ] 127.0.0.1 /erhuo/index.php/CSS_URLjquery.validation.min.js
INFO: [ app_init ] --START--
INFO: Run Behavior\BuildLiteBehavior [ RunTime:0.000019s ]
INFO: [ app_init ] --END-- [ RunTime:0.000327s ]
ERR: 无法加载模块:CSS_URLjquery.validation.min

